2024-05-04 00:54:38,855 [ERROR] LogOutputStream:75 - [STDERR_REDIRECT] 
2024-05-04 00:54:50,478 [INFO] Activator:176 - 


2024-05-04 00:54:50,480 [INFO] Activator:177 - !SESSION log4j initialized
2024-05-04 00:54:53,481 [INFO] LogOutputStream:77 - [STDOUT_REDIRECT] 
2024-05-04 00:54:54,257 [INFO] ApplicationProperties:184 - Using Application install path: /opt/st/stm32cubeide_1.14.0/plugins/com.st.stm32cube.common.mx_6.10.0.202311202037
2024-05-04 00:54:54,271 [INFO] DbMcusXml:78 - Set database path to: /opt/st/stm32cubeide_1.14.0/plugins/com.st.stm32cube.common.mx_6.10.0.202311202037//db//mcu/
2024-05-04 00:54:54,272 [INFO] ApiDb:274 - Set plugin database path to: /opt/st/stm32cubeide_1.14.0/plugins/com.st.stm32cube.common.mx_6.10.0.202311202037//db//plugins/boardmanager/
2024-05-04 00:54:54,272 [WARN] ApiDb:259 - Overriding images path with different value:  => /opt/st/stm32cubeide_1.14.0/plugins/com.st.stm32cube.common.mx_6.10.0.202311202037//db//plugins/mcufinder/images/
2024-05-04 00:54:54,279 [INFO] ApiDb:250 - Set database path to: /home/chris/.stmcufinder/plugins/mcufinder//mcu/
2024-05-04 00:54:54,280 [INFO] DbMcusAds:125 - Set database path to: /home/chris/.stmcufinder/plugins/mcufinder//mcu/
2024-05-04 00:54:54,285 [INFO] CrossReferenceDbSqlite:203 - Set database path to: /home/chris/.stmcufinder/plugins/mcufinder//mcu/cs/
2024-05-04 00:54:54,368 [INFO] RulesReader:64 - Compatibility file has been processed (297 Rules)
2024-05-04 00:54:54,412 [INFO] DbMcusXml:78 - Set database path to: /opt/st/stm32cubeide_1.14.0/plugins/com.st.stm32cube.common.mx_6.10.0.202311202037//db//mcu/
2024-05-04 00:54:54,412 [INFO] ApiDb:274 - Set plugin database path to: /opt/st/stm32cubeide_1.14.0/plugins/com.st.stm32cube.common.mx_6.10.0.202311202037//db//plugins/boardmanager/
2024-05-04 00:54:54,413 [INFO] ApiDb:261 - Set plugin images path to: /opt/st/stm32cubeide_1.14.0/plugins/com.st.stm32cube.common.mx_6.10.0.202311202037//db//plugins/mcufinder/images/
2024-05-04 00:54:54,413 [WARN] DbFile:41 - Overriding database path with different value: /home/chris/.stmcufinder/plugins/mcufinder/ => /home/chris/.stmcufinder/plugins/mcufinder
2024-05-04 00:54:54,413 [INFO] ApiDb:250 - Set database path to: /home/chris/.stmcufinder/plugins/mcufinder//mcu/
2024-05-04 00:54:54,413 [WARN] DbFile:41 - Overriding database path with different value: /home/chris/.stmcufinder/plugins/mcufinder/ => /home/chris/.stmcufinder/plugins/mcufinder
2024-05-04 00:54:54,413 [INFO] DbMcusAds:125 - Set database path to: /home/chris/.stmcufinder/plugins/mcufinder//mcu/
2024-05-04 00:54:54,413 [WARN] DbFile:41 - Overriding database path with different value: /home/chris/.stmcufinder/plugins/mcufinder/ => /home/chris/.stmcufinder/plugins/mcufinder
2024-05-04 00:54:54,413 [WARN] DbFile:41 - Overriding database path with different value: /home/chris/.stmcufinder/plugins/mcufinder/ => /home/chris/.stmcufinder/plugins/mcufinder
2024-05-04 00:54:54,418 [INFO] CrossReferenceDbSqlite:203 - Set database path to: /home/chris/.stmcufinder/plugins/mcufinder//mcu/cs/
2024-05-04 00:54:54,465 [INFO] MainPanel:264 - HeapMemory: 268435456
2024-05-04 00:54:54,517 [INFO] DbMcusXml:78 - Set database path to: /opt/st/stm32cubeide_1.14.0/plugins/com.st.stm32cube.common.mx_6.10.0.202311202037//db//mcu/
2024-05-04 00:54:54,517 [INFO] ApiDb:274 - Set plugin database path to: /opt/st/stm32cubeide_1.14.0/plugins/com.st.stm32cube.common.mx_6.10.0.202311202037//db//plugins/boardmanager/
2024-05-04 00:54:54,518 [INFO] ApiDb:261 - Set plugin images path to: /opt/st/stm32cubeide_1.14.0/plugins/com.st.stm32cube.common.mx_6.10.0.202311202037//db//plugins/mcufinder/images/
2024-05-04 00:54:54,518 [WARN] DbFile:41 - Overriding database path with different value: /home/chris/.stmcufinder/plugins/mcufinder/ => /home/chris/.stmcufinder/plugins/mcufinder
2024-05-04 00:54:54,518 [INFO] ApiDb:250 - Set database path to: /home/chris/.stmcufinder/plugins/mcufinder//mcu/
2024-05-04 00:54:54,518 [WARN] DbFile:41 - Overriding database path with different value: /home/chris/.stmcufinder/plugins/mcufinder/ => /home/chris/.stmcufinder/plugins/mcufinder
2024-05-04 00:54:54,518 [INFO] DbMcusAds:125 - Set database path to: /home/chris/.stmcufinder/plugins/mcufinder//mcu/
2024-05-04 00:54:54,518 [WARN] DbFile:41 - Overriding database path with different value: /home/chris/.stmcufinder/plugins/mcufinder/ => /home/chris/.stmcufinder/plugins/mcufinder
2024-05-04 00:54:54,518 [WARN] DbFile:41 - Overriding database path with different value: /home/chris/.stmcufinder/plugins/mcufinder/ => /home/chris/.stmcufinder/plugins/mcufinder
2024-05-04 00:54:54,524 [INFO] CrossReferenceDbSqlite:203 - Set database path to: /home/chris/.stmcufinder/plugins/mcufinder//mcu/cs/
2024-05-04 00:54:54,537 [INFO] ApplicationProperties:184 - Using Application install path: /opt/st/stm32cubeide_1.14.0/plugins/com.st.stm32cube.common.mx_6.10.0.202311202037
2024-05-04 00:54:54,538 [INFO] PluginManage:196 - Search for loadable plugins [exclusion list=, ]
2024-05-04 00:54:54,539 [INFO] PluginManage:310 - Check plugin analytics
2024-05-04 00:54:54,642 [INFO] AnalyticsPlugin:253 - Accepted Software Licenses: 
2024-05-04 00:54:54,643 [INFO] AnalyticsPlugin:255 - Accepted CMSIS Pack Licenses: 
2024-05-04 00:54:54,643 [INFO] AnalyticsPlugin:257 - Accepted Firmware Licenses: FW.F7.1.17.0,FW.L4.1.18.0
2024-05-04 00:54:54,644 [INFO] PluginManage:359 - Loaded plugin analytics (category:tool,tabindex:-1)
2024-05-04 00:54:54,644 [INFO] PluginManage:310 - Check plugin cadmodel
2024-05-04 00:54:54,659 [INFO] CADModel:105 - Init CAD model plugin
2024-05-04 00:54:54,659 [INFO] PluginManage:359 - Loaded plugin cadmodel (category:power,tabindex:5)
2024-05-04 00:54:54,659 [INFO] PluginManage:310 - Check plugin clock
2024-05-04 00:54:54,664 [INFO] PluginManage:359 - Loaded plugin clock (category:base,tabindex:2)
2024-05-04 00:54:54,664 [INFO] PluginManage:310 - Check plugin ddr
2024-05-04 00:54:54,666 [INFO] PluginManage:359 - Loaded plugin ddr (category:tool,tabindex:6)
2024-05-04 00:54:54,666 [INFO] PluginManage:310 - Check plugin filemanager
2024-05-04 00:54:54,754 [INFO] PluginManage:359 - Loaded plugin filemanager (category:base,tabindex:10)
2024-05-04 00:54:54,754 [INFO] PluginManage:310 - Check plugin ipmanager
2024-05-04 00:54:54,758 [INFO] PluginManage:359 - Loaded plugin ipmanager (category:base,tabindex:5)
2024-05-04 00:54:54,758 [INFO] PluginManage:310 - Check plugin lpbam
2024-05-04 00:54:54,766 [INFO] PluginManage:359 - Loaded plugin lpbam (category:base,tabindex:0)
2024-05-04 00:54:54,767 [INFO] PluginManage:310 - Check plugin memorymap
2024-05-04 00:54:54,776 [INFO] PluginManage:359 - Loaded plugin memorymap (category:base,tabindex:4)
2024-05-04 00:54:54,777 [INFO] PluginManage:310 - Check plugin pinoutandconfiguration
2024-05-04 00:54:54,782 [INFO] PluginManage:359 - Loaded plugin pinoutandconfiguration (category:base,tabindex:1)
2024-05-04 00:54:54,782 [INFO] PluginManage:310 - Check plugin pinoutconfig
2024-05-04 00:54:54,838 [WARN] SupportedApi:132 - Cannot load RTOS API schema: s4s-elt-must-match.1: The content of 'definitions' must match (annotation?, (simpleType | complexType)?, (unique | key | keyref)*)). A problem was found starting at: attribute.
2024-05-04 00:54:54,921 [INFO] PluginManage:359 - Loaded plugin pinoutconfig (category:base,tabindex:0)
2024-05-04 00:54:54,921 [INFO] PluginManage:310 - Check plugin power
2024-05-04 00:54:54,926 [INFO] PluginManage:359 - Loaded plugin power (category:power,tabindex:4)
2024-05-04 00:54:54,926 [INFO] PluginManage:310 - Check plugin projectmanager
2024-05-04 00:54:54,935 [INFO] PluginManage:359 - Loaded plugin projectmanager (category:projectmanager,tabindex:3)
2024-05-04 00:54:54,936 [INFO] PluginManage:310 - Check plugin thirdparty
2024-05-04 00:54:55,009 [INFO] PluginManage:359 - Loaded plugin thirdparty (category:base,tabindex:-1)
2024-05-04 00:54:55,009 [WARN] IntegrityCheckThread:84 - waiting for thirdparty lock release [integrity check]
2024-05-04 00:54:55,009 [INFO] IntegrityCheckThread:86 - entering critical section [integrity check]
2024-05-04 00:54:55,009 [INFO] PluginManage:310 - Check plugin tools
2024-05-04 00:54:55,009 [INFO] ThirdPartyUpdaterWithRetryManager:70 - Updater plugin not ready yet. [1/15]
2024-05-04 00:54:55,011 [INFO] PluginManage:359 - Loaded plugin tools (category:base,tabindex:7)
2024-05-04 00:54:55,011 [INFO] PluginManage:310 - Check plugin tutovideos
2024-05-04 00:54:55,128 [INFO] PluginManage:359 - Loaded plugin tutovideos (category:base,tabindex:-1)
2024-05-04 00:54:55,128 [INFO] PluginManage:310 - Check plugin updater
2024-05-04 00:54:55,135 [INFO] PluginManage:359 - Loaded plugin updater (category:base,tabindex:12)
2024-05-04 00:54:55,135 [INFO] PluginManage:310 - Check plugin userauth
2024-05-04 00:54:55,139 [INFO] UserAuth:114 - Init User Auth plugin
2024-05-04 00:54:55,139 [INFO] PluginManage:359 - Loaded plugin userauth (category:base,tabindex:14)
2024-05-04 00:54:55,139 [INFO] PluginManage:283 - PluginManage : Loaded plugins [17]
2024-05-04 00:54:55,285 [INFO] PinOutPanel:1499 - setPackage(No Configuration,No Configuration)
2024-05-04 00:54:55,337 [INFO] CADModel:165 - CPN selected for project level
2024-05-04 00:54:55,337 [INFO] CADModel:114 - Register for checkConnection events
2024-05-04 00:54:55,345 [INFO] IPUIPlugin:80 - create IPUIPlugin
2024-05-04 00:54:55,346 [INFO] PluginManager:220 - loadIPPluginJar : add gtzc
2024-05-04 00:54:55,352 [INFO] IPUIPlugin:80 - create IPUIPlugin
2024-05-04 00:54:55,352 [INFO] PluginManager:220 - loadIPPluginJar : add fmc
2024-05-04 00:54:55,354 [INFO] IPUIPlugin:80 - create IPUIPlugin
2024-05-04 00:54:55,355 [INFO] PluginManager:220 - loadIPPluginJar : add dma3
2024-05-04 00:54:55,357 [INFO] IPUIPlugin:80 - create IPUIPlugin
2024-05-04 00:54:55,357 [INFO] PluginManager:220 - loadIPPluginJar : add touchsensing
2024-05-04 00:54:55,359 [INFO] IPUIPlugin:80 - create IPUIPlugin
2024-05-04 00:54:55,359 [INFO] PluginManager:220 - loadIPPluginJar : add comp
2024-05-04 00:54:55,363 [INFO] IPUIPlugin:80 - create IPUIPlugin
2024-05-04 00:54:55,365 [INFO] PluginManager:220 - loadIPPluginJar : add plateformsettings
2024-05-04 00:54:55,367 [INFO] IPUIPlugin:80 - create IPUIPlugin
2024-05-04 00:54:55,367 [INFO] PluginManager:220 - loadIPPluginJar : add cryp
2024-05-04 00:54:55,370 [INFO] IPUIPlugin:80 - create IPUIPlugin
2024-05-04 00:54:55,370 [INFO] PluginManager:220 - loadIPPluginJar : add sai
2024-05-04 00:54:55,374 [INFO] IPUIPlugin:80 - create IPUIPlugin
2024-05-04 00:54:55,374 [INFO] PluginManager:220 - loadIPPluginJar : add gic
2024-05-04 00:54:55,379 [INFO] IPUIPlugin:80 - create IPUIPlugin
2024-05-04 00:54:55,379 [INFO] PluginManager:220 - loadIPPluginJar : add adc
2024-05-04 00:54:55,380 [INFO] IPUIPlugin:80 - create IPUIPlugin
2024-05-04 00:54:55,381 [INFO] PluginManager:220 - loadIPPluginJar : add dfsdm
2024-05-04 00:54:55,385 [INFO] IPUIPlugin:80 - create IPUIPlugin
2024-05-04 00:54:55,385 [INFO] PluginManager:220 - loadIPPluginJar : add freertos
2024-05-04 00:54:55,391 [INFO] IPUIPlugin:80 - create IPUIPlugin
2024-05-04 00:54:55,391 [INFO] PluginManager:220 - loadIPPluginJar : add linkedlist
2024-05-04 00:54:55,393 [INFO] IPUIPlugin:80 - create IPUIPlugin
2024-05-04 00:54:55,393 [INFO] PluginManager:220 - loadIPPluginJar : add tim
2024-05-04 00:54:55,394 [INFO] IPUIPlugin:80 - create IPUIPlugin
2024-05-04 00:54:55,394 [INFO] PluginManager:220 - loadIPPluginJar : add quadspi
2024-05-04 00:54:55,396 [INFO] IPUIPlugin:80 - create IPUIPlugin
2024-05-04 00:54:55,397 [INFO] PluginManager:220 - loadIPPluginJar : add lorawan
2024-05-04 00:54:55,398 [INFO] IPUIPlugin:80 - create IPUIPlugin
2024-05-04 00:54:55,398 [INFO] PluginManager:220 - loadIPPluginJar : add i2s
2024-05-04 00:54:55,399 [INFO] IPUIPlugin:80 - create IPUIPlugin
2024-05-04 00:54:55,400 [INFO] PluginManager:220 - loadIPPluginJar : add hash
2024-05-04 00:54:55,401 [INFO] IPUIPlugin:80 - create IPUIPlugin
2024-05-04 00:54:55,401 [INFO] PluginManager:220 - loadIPPluginJar : add i2c
2024-05-04 00:54:55,405 [INFO] IPUIPlugin:80 - create IPUIPlugin
2024-05-04 00:54:55,405 [INFO] PluginManager:220 - loadIPPluginJar : add stm32_wpan
2024-05-04 00:54:55,408 [INFO] IPUIPlugin:80 - create IPUIPlugin
2024-05-04 00:54:55,408 [INFO] PluginManager:220 - loadIPPluginJar : add resmgrutility
2024-05-04 00:54:55,410 [INFO] IPUIPlugin:80 - create IPUIPlugin
2024-05-04 00:54:55,410 [INFO] PluginManager:220 - loadIPPluginJar : add aes
2024-05-04 00:54:55,414 [INFO] IPUIPlugin:80 - create IPUIPlugin
2024-05-04 00:54:55,414 [INFO] PluginManager:220 - loadIPPluginJar : add dma
2024-05-04 00:54:55,416 [INFO] IPUIPlugin:80 - create IPUIPlugin
2024-05-04 00:54:55,416 [INFO] PluginManager:220 - loadIPPluginJar : add gfxmmu
2024-05-04 00:54:55,417 [INFO] IPUIPlugin:80 - create IPUIPlugin
2024-05-04 00:54:55,417 [INFO] PluginManager:220 - loadIPPluginJar : add pdm2pcm
2024-05-04 00:54:55,418 [INFO] IPUIPlugin:80 - create IPUIPlugin
2024-05-04 00:54:55,418 [INFO] PluginManager:220 - loadIPPluginJar : add tsc
2024-05-04 00:54:55,419 [INFO] IPUIPlugin:80 - create IPUIPlugin
2024-05-04 00:54:55,419 [INFO] PluginManager:220 - loadIPPluginJar : add ts
2024-05-04 00:54:55,420 [INFO] IPUIPlugin:80 - create IPUIPlugin
2024-05-04 00:54:55,420 [INFO] PluginManager:220 - loadIPPluginJar : add genericplugin
2024-05-04 00:54:55,421 [INFO] IPUIPlugin:80 - create IPUIPlugin
2024-05-04 00:54:55,422 [INFO] PluginManager:220 - loadIPPluginJar : add tracer_emb
2024-05-04 00:54:55,422 [INFO] IPUIPlugin:80 - create IPUIPlugin
2024-05-04 00:54:55,422 [INFO] PluginManager:220 - loadIPPluginJar : add ltdc
2024-05-04 00:54:55,424 [INFO] IPUIPlugin:80 - create IPUIPlugin
2024-05-04 00:54:55,424 [INFO] PluginManager:220 - loadIPPluginJar : add usart
2024-05-04 00:54:55,426 [INFO] IPUIPlugin:80 - create IPUIPlugin
2024-05-04 00:54:55,426 [INFO] PluginManager:220 - loadIPPluginJar : add can
2024-05-04 00:54:55,426 [INFO] IPUIPlugin:80 - create IPUIPlugin
2024-05-04 00:54:55,426 [INFO] PluginManager:220 - loadIPPluginJar : add fatfs
2024-05-04 00:54:55,428 [INFO] IPUIPlugin:80 - create IPUIPlugin
2024-05-04 00:54:55,428 [INFO] PluginManager:220 - loadIPPluginJar : add i3c
2024-05-04 00:54:55,430 [INFO] IPUIPlugin:80 - create IPUIPlugin
2024-05-04 00:54:55,431 [INFO] PluginManager:220 - loadIPPluginJar : add opamp
2024-05-04 00:54:55,433 [INFO] IPUIPlugin:80 - create IPUIPlugin
2024-05-04 00:54:55,433 [INFO] PluginManager:220 - loadIPPluginJar : add gpio
2024-05-04 00:54:55,435 [INFO] IPUIPlugin:80 - create IPUIPlugin
2024-05-04 00:54:55,435 [INFO] PluginManager:220 - loadIPPluginJar : add openamp
2024-05-04 00:54:55,437 [INFO] IPUIPlugin:80 - create IPUIPlugin
2024-05-04 00:54:55,437 [INFO] PluginManager:220 - loadIPPluginJar : add nvic
2024-05-04 00:54:55,439 [INFO] IPUIPlugin:80 - create IPUIPlugin
2024-05-04 00:54:55,439 [INFO] PluginManager:220 - loadIPPluginJar : add ipddr
2024-05-04 00:54:55,441 [INFO] IPUIPlugin:80 - create IPUIPlugin
2024-05-04 00:54:55,441 [INFO] PluginManager:220 - loadIPPluginJar : add ucpd
2024-05-04 00:54:55,442 [INFO] IPUIPlugin:80 - create IPUIPlugin
2024-05-04 00:54:55,442 [INFO] PluginManager:220 - loadIPPluginJar : add spi
2024-05-04 00:54:55,445 [INFO] IPUIPlugin:80 - create IPUIPlugin
2024-05-04 00:54:55,445 [INFO] PluginManager:220 - loadIPPluginJar : add usbx
2024-05-04 00:54:55,450 [INFO] IPUIPlugin:80 - create IPUIPlugin
2024-05-04 00:54:55,450 [INFO] PluginManager:220 - loadIPPluginJar : add mdma
2024-05-04 00:54:55,547 [INFO] CADModel:165 - CPN selected for project level
2024-05-04 00:54:55,548 [INFO] CADModel:114 - Register for checkConnection events
2024-05-04 00:54:55,548 [FATAL] Updater:308 - Updater called before beeing initialized
2024-05-04 00:54:55,548 [ERROR] CADModel:125 - Updater not yet initialized, retry later 
2024-05-04 00:54:55,678 [INFO] CADModel:165 - CPN selected for project level
2024-05-04 00:54:55,679 [INFO] CADModel:114 - Register for checkConnection events
2024-05-04 00:54:55,679 [FATAL] Updater:308 - Updater called before beeing initialized
2024-05-04 00:54:55,679 [ERROR] CADModel:125 - Updater not yet initialized, retry later 
2024-05-04 00:54:55,681 [FATAL] Updater:308 - Updater called before beeing initialized
2024-05-04 00:54:55,788 [FATAL] Updater:308 - Updater called before beeing initialized
2024-05-04 00:54:55,793 [INFO] DbMcusAds:53 - JSON generation date=Thu May 02 01:37:29 PDT 2024 (1714639049318)
2024-05-04 00:54:55,794 [FATAL] Updater:308 - Updater called before beeing initialized
2024-05-04 00:54:55,826 [WARN] DetailPanel:346 - Failed to get advertising image, set to default
2024-05-04 00:54:55,917 [FATAL] Updater:308 - Updater called before beeing initialized
2024-05-04 00:54:55,918 [FATAL] Updater:308 - Updater called before beeing initialized
2024-05-04 00:54:55,919 [FATAL] Updater:308 - Updater called before beeing initialized
2024-05-04 00:54:55,919 [WARN] DetailPanel:346 - Failed to get advertising image, set to default
2024-05-04 00:54:55,919 [FATAL] Updater:308 - Updater called before beeing initialized
2024-05-04 00:54:55,944 [ERROR] Updater:1120 - MainUpdater not yet initialized. External WinMGr cannot be set.
2024-05-04 00:54:55,945 [INFO] Updater:1056 - Updater Version found : 6.10.0
2024-05-04 00:54:55,959 [INFO] ApplicationProperties:184 - Using Application install path: /opt/st/stm32cubeide_1.14.0/plugins/com.st.stm32cube.common.mx_6.10.0.202311202037
2024-05-04 00:54:56,169 [INFO] MainUpdater:2873 - connection check result : 10
2024-05-04 00:54:56,170 [INFO] MainUpdater:290 - Updater Check For Update Now.
2024-05-04 00:54:56,170 [INFO] MicroXplorer:498 - Change Database Version : DB.6.0.100
2024-05-04 00:54:56,174 [INFO] McuFinderGlobals:63 - Set McuFinder mode to 2 (CubeIDE integrated)
2024-05-04 00:54:56,174 [INFO] UserAuth:180 - activating auth plugin
2024-05-04 00:54:56,181 [INFO] UserAuth:404 - Internet connection configuration mode: 1
2024-05-04 00:54:56,191 [INFO] JxBrowserEngine:152 - Initiate JxBrowser Engine with user profile folder
2024-05-04 00:54:56,337 [INFO] CheckServerUpdateThread:120 - End of CheckServer Thread
2024-05-04 00:54:56,751 [INFO] WebApp:161 - Instantiating new browser for Auth
2024-05-04 00:54:57,076 [INFO] WebApp:780 - Register for checkConnection events
2024-05-04 00:54:57,076 [INFO] WebApp:414 - Apply proxy settings
2024-05-04 00:54:57,077 [INFO] WebApp:499 - Chromium requires no authentication
2024-05-04 00:54:57,080 [INFO] WebApp:442 - Direct internet connection detected
2024-05-04 00:54:57,154 [INFO] WebApp:192 - Starting web application
2024-05-04 00:54:57,154 [INFO] WebApp:544 - Web application path used /opt/st/stm32cubeide_1.14.0/plugins/com.st.stm32cube.common.mx_6.10.0.202311202037/db/plugins/mcufinder/reactClient1/index.html
2024-05-04 00:54:58,075 [WARN] PackLoader:240 - Cannot read IP mode file for STMicroelectronics.FP-SNS-MOTENVWB1.1.4.0
2024-05-04 00:54:58,081 [WARN] PackLoader:240 - Cannot read IP mode file for STMicroelectronics.X-CUBE-SMBUS.2.1.0
2024-05-04 00:54:58,084 [WARN] PackLoader:240 - Cannot read IP mode file for STMicroelectronics.X-CUBE-TOUCHGFX.4.23.1
2024-05-04 00:54:58,086 [WARN] PackLoader:240 - Cannot read IP mode file for STMicroelectronics.X-CUBE-TOUCHGFX.4.23.0
2024-05-04 00:54:58,087 [WARN] PackLoader:240 - Cannot read IP mode file for STMicroelectronics.X-CUBE-TOUCHGFX.4.23.2
2024-05-04 00:54:58,107 [WARN] PackLoader:240 - Cannot read IP mode file for STMicroelectronics.X-CUBE-AZRTOS-F7.1.1.0
2024-05-04 00:54:58,115 [WARN] PackLoader:240 - Cannot read IP mode file for STMicroelectronics.FP-SNS-MOTENV1.4.3.2
2024-05-04 00:54:58,119 [WARN] PackLoader:240 - Cannot read IP mode file for STMicroelectronics.FP-SNS-FLIGHT1.5.0.2
2024-05-04 00:54:58,125 [WARN] PackLoader:240 - Cannot read IP mode file for STMicroelectronics.X-CUBE-DISPLAY.3.0.0
2024-05-04 00:54:58,133 [WARN] PackLoader:240 - Cannot read IP mode file for STMicroelectronics.X-CUBE-BLE1.7.0.0
2024-05-04 00:54:58,137 [WARN] PackLoader:240 - Cannot read IP mode file for emotas.I-CUBE-CANOPEN.1.3.0
2024-05-04 00:54:58,145 [WARN] PackLoader:240 - Cannot read IP mode file for STMicroelectronics.X-CUBE-BLEMGR.3.1.0
2024-05-04 00:54:58,151 [WARN] PackLoader:240 - Cannot read IP mode file for STMicroelectronics.FP-SNS-SMARTAG2.1.2.0
2024-05-04 00:54:58,157 [INFO] LogOutputStream:77 - [STDOUT_REDIRECT] 1 : Invalid condition id : UX_CORESTACK_Condition cause : null
2024-05-04 00:54:58,158 [INFO] LogOutputStream:77 - [STDOUT_REDIRECT] 1 : Invalid condition id : UX_CORESTACK_Condition cause : null
2024-05-04 00:54:58,158 [INFO] LogOutputStream:77 - [STDOUT_REDIRECT] 1 : Invalid condition id : UX_CORESTACK_Condition cause : null
2024-05-04 00:54:58,158 [INFO] LogOutputStream:77 - [STDOUT_REDIRECT] 1 : Invalid condition id : UX_CORESTACK_Condition cause : null
2024-05-04 00:54:58,158 [INFO] LogOutputStream:77 - [STDOUT_REDIRECT] 1 : Invalid condition id : UX_CORESTACK_Condition cause : null
2024-05-04 00:54:58,161 [WARN] PackLoader:240 - Cannot read IP mode file for STMicroelectronics.X-CUBE-AZRTOS-WL.2.0.0
2024-05-04 00:54:58,167 [WARN] PackLoader:240 - Cannot read IP mode file for STMicroelectronics.FP-SNS-MOTENV1.5.0.0
2024-05-04 00:54:58,172 [WARN] PackLoader:240 - Cannot read IP mode file for WES.I-CUBE-Cesium.1.3.0
2024-05-04 00:54:58,176 [WARN] PackLoader:240 - Cannot read IP mode file for STMicroelectronics.X-CUBE-BLE2.3.3.0
2024-05-04 00:54:58,180 [WARN] PackLoader:240 - Cannot read IP mode file for STMicroelectronics.X-CUBE-TCPP.4.1.0
2024-05-04 00:54:58,185 [WARN] PackLoader:240 - Cannot read IP mode file for STMicroelectronics.X-CUBE-ALGOBUILD.1.3.0
2024-05-04 00:54:58,195 [WARN] PackLoader:240 - Cannot read IP mode file for STMicroelectronics.X-CUBE-AZRTOS-G0.1.1.0
2024-05-04 00:54:58,200 [WARN] PackLoader:240 - Cannot read IP mode file for STMicroelectronics.X-CUBE-SAFEA1.1.2.2
2024-05-04 00:54:58,205 [WARN] PackLoader:240 - Cannot read IP mode file for STMicroelectronics.X-CUBE-NFC4.3.0.0
2024-05-04 00:54:58,214 [WARN] PackLoader:240 - Cannot read IP mode file for STMicroelectronics.FP-ATR-SIGFOX1.3.2.0
2024-05-04 00:54:58,218 [WARN] PackLoader:240 - Cannot read IP mode file for STMicroelectronics.X-CUBE-EEPRMA1.5.1.0
2024-05-04 00:54:58,245 [WARN] PackLoader:240 - Cannot read IP mode file for SEGGER.I-CUBE-embOS.1.3.1
2024-05-04 00:54:58,277 [WARN] PackLoader:240 - Cannot read IP mode file for STMicroelectronics.X-CUBE-GNSS1.6.0.0
2024-05-04 00:54:58,286 [WARN] PackLoader:240 - Cannot read IP mode file for STMicroelectronics.X-CUBE-AZRTOS-F4.1.1.0
2024-05-04 00:54:58,290 [WARN] PackLoader:240 - Cannot read IP mode file for STMicroelectronics.X-CUBE-FREERTOS.1.2.0
2024-05-04 00:54:58,292 [WARN] PackLoader:240 - Cannot read IP mode file for wolfSSL.I-CUBE-wolfSSL.5.6.6
2024-05-04 00:54:58,300 [WARN] PackLoader:240 - Cannot read IP mode file for STMicroelectronics.X-CUBE-AZRTOS-L5.2.0.0
2024-05-04 00:54:58,306 [WARN] PackLoader:240 - Cannot read IP mode file for STMicroelectronics.X-CUBE-NFC6.3.1.0
2024-05-04 00:54:58,310 [WARN] PackLoader:240 - Cannot read IP mode file for ITTIA_DB.I-CUBE-ITTIADB.8.8.0
2024-05-04 00:54:58,312 [WARN] PackLoader:240 - Cannot read IP mode file for STMicroelectronics.X-CUBE-AI.9.0.0
2024-05-04 00:54:58,315 [WARN] PackLoader:240 - Cannot read IP mode file for STMicroelectronics.X-CUBE-NFC7.1.0.1
2024-05-04 00:54:58,319 [WARN] PackLoader:240 - Cannot read IP mode file for STMicroelectronics.X-CUBE-NFC6.3.0.0
2024-05-04 00:54:58,322 [WARN] PackLoader:240 - Cannot read IP mode file for STMicroelectronics.X-CUBE-AI.8.1.0
2024-05-04 00:54:58,332 [WARN] ConditionMgr:438 - getConditionDescription Invalid condition id : LAN8742 Phy interface Condition cause : null
2024-05-04 00:54:58,332 [WARN] PackLoader:240 - Cannot read IP mode file for STMicroelectronics.X-CUBE-AZRTOS-L4.2.0.0
2024-05-04 00:54:58,333 [WARN] ConditionMgr:1039 - genDependencies : Invalid condition id : LAN8742 Phy interface Condition cause : null
2024-05-04 00:54:58,333 [WARN] ConditionMgr:1039 - genDependencies : Invalid condition id : LAN8742 Phy interface Condition cause : null
2024-05-04 00:54:58,334 [WARN] ConditionMgr:1039 - genDependencies : Invalid condition id : LAN8742 Phy interface Condition cause : null
2024-05-04 00:54:58,338 [WARN] PackLoader:240 - Cannot read IP mode file for STMicroelectronics.X-CUBE-SFXS2LP1.4.0.0
2024-05-04 00:54:58,345 [WARN] ConditionMgr:438 - getConditionDescription Invalid condition id : UX DEVICE CLASS RTOS Condition cause : null
2024-05-04 00:54:58,346 [WARN] ConditionMgr:438 - getConditionDescription Invalid condition id : UX DEVICE CLASS RTOS Condition cause : null
2024-05-04 00:54:58,346 [WARN] PackLoader:240 - Cannot read IP mode file for STMicroelectronics.X-CUBE-AZRTOS-WB.2.0.0
2024-05-04 00:54:58,347 [WARN] ConditionMgr:1039 - genDependencies : Invalid condition id : UX DEVICE CLASS RTOS Condition cause : null
2024-05-04 00:54:58,347 [WARN] ConditionMgr:1039 - genDependencies : Invalid condition id : UX DEVICE CLASS RTOS Condition cause : null
2024-05-04 00:54:58,347 [WARN] ConditionMgr:1039 - genDependencies : Invalid condition id : UX DEVICE CLASS RTOS Condition cause : null
2024-05-04 00:54:58,347 [WARN] ConditionMgr:1039 - genDependencies : Invalid condition id : UX DEVICE CLASS RTOS Condition cause : null
2024-05-04 00:54:58,347 [WARN] ConditionMgr:1039 - genDependencies : Invalid condition id : UX DEVICE CLASS RTOS Condition cause : null
2024-05-04 00:54:58,352 [WARN] PackLoader:240 - Cannot read IP mode file for STMicroelectronics.X-CUBE-SUBG2.5.0.0
2024-05-04 00:54:58,365 [WARN] PackLoader:240 - Cannot read IP mode file for STMicroelectronics.X-CUBE-AZRTOS-G4.2.0.0
2024-05-04 00:54:58,373 [WARN] PackLoader:240 - Cannot read IP mode file for Infineon.AIROC-Wi-Fi-Bluetooth-STM32.1.5.1
2024-05-04 00:54:58,377 [WARN] PackLoader:240 - Cannot read IP mode file for STMicroelectronics.FP-SNS-MOTENVWB1.1.3.1
2024-05-04 00:54:58,379 [WARN] PackLoader:240 - Cannot read IP mode file for STMicroelectronics.X-CUBE-ISPU.2.0.0
2024-05-04 00:54:58,399 [WARN] PackLoader:240 - Cannot read IP mode file for STMicroelectronics.X-CUBE-MEMS1.10.0.0
2024-05-04 00:54:58,475 [WARN] PackLoader:240 - Cannot read IP mode file for STMicroelectronics.X-CUBE-FREERTOS.1.1.0
2024-05-04 00:54:58,478 [WARN] PackLoader:240 - Cannot read IP mode file for portGmbH.I-Cube-SoM-uGOAL.1.1.0
2024-05-04 00:54:58,479 [WARN] PackLoader:240 - Cannot read IP mode file for STMicroelectronics.X-CUBE-ALS.1.0.1
2024-05-04 00:54:58,487 [WARN] PackLoader:240 - Cannot read IP mode file for STMicroelectronics.X-CUBE-AZRTOS-H7RS.1.0.0
2024-05-04 00:54:58,492 [WARN] PackLoader:240 - Cannot read IP mode file for STMicroelectronics.FP-ATR-ASTRA1.2.0.0
2024-05-04 00:54:58,499 [WARN] PackLoader:240 - Cannot read IP mode file for STMicroelectronics.X-CUBE-TOF1.3.4.0
2024-05-04 00:54:58,511 [WARN] PackLoader:240 - Cannot read IP mode file for STMicroelectronics.X-CUBE-TOF1.3.4.1
2024-05-04 00:54:58,530 [WARN] PackLoader:240 - Cannot read IP mode file for STMicroelectronics.X-CUBE-AZRTOS-H7.3.2.0
2024-05-04 00:54:58,532 [INFO] ThirdParty:978 - Integrity check success = true
2024-05-04 00:54:58,532 [INFO] IntegrityCheckThread:100 - exiting critical section [integrity check]
2024-05-04 00:54:58,532 [INFO] IntegrityCheckThread:103 - End integrity checks thread
2024-05-04 00:55:05,686 [ERROR] LogOutputStream:75 - [STDERR_REDIRECT] 
