2024-08-09 16:24:06,206 [INFO] Activator:176 - 


2024-08-09 16:24:06,208 [INFO] Activator:177 - !SESSION log4j initialized
2024-08-09 16:24:07,664 [INFO] LogOutputStream:77 - [STDOUT_REDIRECT] 
2024-08-09 16:24:08,901 [INFO] ApplicationProperties:184 - Using Application install path: /opt/st/stm32cubeide_1.14.0/plugins/com.st.stm32cube.common.mx_6.10.0.202311202037
2024-08-09 16:24:08,911 [INFO] DbMcusXml:78 - Set database path to: /opt/st/stm32cubeide_1.14.0/plugins/com.st.stm32cube.common.mx_6.10.0.202311202037//db//mcu/
2024-08-09 16:24:08,911 [INFO] ApiDb:274 - Set plugin database path to: /opt/st/stm32cubeide_1.14.0/plugins/com.st.stm32cube.common.mx_6.10.0.202311202037//db//plugins/boardmanager/
2024-08-09 16:24:08,912 [WARN] ApiDb:259 - Overriding images path with different value:  => /opt/st/stm32cubeide_1.14.0/plugins/com.st.stm32cube.common.mx_6.10.0.202311202037//db//plugins/mcufinder/images/
2024-08-09 16:24:08,914 [INFO] ApiDb:250 - Set database path to: /home/chris/.stmcufinder/plugins/mcufinder//mcu/
2024-08-09 16:24:08,914 [INFO] DbMcusAds:125 - Set database path to: /home/chris/.stmcufinder/plugins/mcufinder//mcu/
2024-08-09 16:24:08,915 [INFO] CrossReferenceDbSqlite:203 - Set database path to: /home/chris/.stmcufinder/plugins/mcufinder//mcu/cs/
2024-08-09 16:24:08,983 [INFO] RulesReader:64 - Compatibility file has been processed (297 Rules)
2024-08-09 16:24:09,024 [INFO] DbMcusXml:78 - Set database path to: /opt/st/stm32cubeide_1.14.0/plugins/com.st.stm32cube.common.mx_6.10.0.202311202037//db//mcu/
2024-08-09 16:24:09,024 [INFO] ApiDb:274 - Set plugin database path to: /opt/st/stm32cubeide_1.14.0/plugins/com.st.stm32cube.common.mx_6.10.0.202311202037//db//plugins/boardmanager/
2024-08-09 16:24:09,024 [INFO] ApiDb:261 - Set plugin images path to: /opt/st/stm32cubeide_1.14.0/plugins/com.st.stm32cube.common.mx_6.10.0.202311202037//db//plugins/mcufinder/images/
2024-08-09 16:24:09,024 [WARN] DbFile:41 - Overriding database path with different value: /home/chris/.stmcufinder/plugins/mcufinder/ => /home/chris/.stmcufinder/plugins/mcufinder
2024-08-09 16:24:09,024 [INFO] ApiDb:250 - Set database path to: /home/chris/.stmcufinder/plugins/mcufinder//mcu/
2024-08-09 16:24:09,024 [WARN] DbFile:41 - Overriding database path with different value: /home/chris/.stmcufinder/plugins/mcufinder/ => /home/chris/.stmcufinder/plugins/mcufinder
2024-08-09 16:24:09,024 [INFO] DbMcusAds:125 - Set database path to: /home/chris/.stmcufinder/plugins/mcufinder//mcu/
2024-08-09 16:24:09,024 [WARN] DbFile:41 - Overriding database path with different value: /home/chris/.stmcufinder/plugins/mcufinder/ => /home/chris/.stmcufinder/plugins/mcufinder
2024-08-09 16:24:09,024 [WARN] DbFile:41 - Overriding database path with different value: /home/chris/.stmcufinder/plugins/mcufinder/ => /home/chris/.stmcufinder/plugins/mcufinder
2024-08-09 16:24:09,025 [INFO] CrossReferenceDbSqlite:203 - Set database path to: /home/chris/.stmcufinder/plugins/mcufinder//mcu/cs/
2024-08-09 16:24:09,087 [INFO] MainPanel:264 - HeapMemory: 268435456
2024-08-09 16:24:09,143 [INFO] DbMcusXml:78 - Set database path to: /opt/st/stm32cubeide_1.14.0/plugins/com.st.stm32cube.common.mx_6.10.0.202311202037//db//mcu/
2024-08-09 16:24:09,143 [INFO] ApiDb:274 - Set plugin database path to: /opt/st/stm32cubeide_1.14.0/plugins/com.st.stm32cube.common.mx_6.10.0.202311202037//db//plugins/boardmanager/
2024-08-09 16:24:09,144 [INFO] ApiDb:261 - Set plugin images path to: /opt/st/stm32cubeide_1.14.0/plugins/com.st.stm32cube.common.mx_6.10.0.202311202037//db//plugins/mcufinder/images/
2024-08-09 16:24:09,144 [WARN] DbFile:41 - Overriding database path with different value: /home/chris/.stmcufinder/plugins/mcufinder/ => /home/chris/.stmcufinder/plugins/mcufinder
2024-08-09 16:24:09,144 [INFO] ApiDb:250 - Set database path to: /home/chris/.stmcufinder/plugins/mcufinder//mcu/
2024-08-09 16:24:09,144 [WARN] DbFile:41 - Overriding database path with different value: /home/chris/.stmcufinder/plugins/mcufinder/ => /home/chris/.stmcufinder/plugins/mcufinder
2024-08-09 16:24:09,144 [INFO] DbMcusAds:125 - Set database path to: /home/chris/.stmcufinder/plugins/mcufinder//mcu/
2024-08-09 16:24:09,144 [WARN] DbFile:41 - Overriding database path with different value: /home/chris/.stmcufinder/plugins/mcufinder/ => /home/chris/.stmcufinder/plugins/mcufinder
2024-08-09 16:24:09,144 [WARN] DbFile:41 - Overriding database path with different value: /home/chris/.stmcufinder/plugins/mcufinder/ => /home/chris/.stmcufinder/plugins/mcufinder
2024-08-09 16:24:09,144 [INFO] CrossReferenceDbSqlite:203 - Set database path to: /home/chris/.stmcufinder/plugins/mcufinder//mcu/cs/
2024-08-09 16:24:09,155 [INFO] ApplicationProperties:184 - Using Application install path: /opt/st/stm32cubeide_1.14.0/plugins/com.st.stm32cube.common.mx_6.10.0.202311202037
2024-08-09 16:24:09,156 [INFO] PluginManage:196 - Search for loadable plugins [exclusion list=, ]
2024-08-09 16:24:09,157 [INFO] PluginManage:310 - Check plugin analytics
2024-08-09 16:24:09,249 [INFO] AnalyticsPlugin:253 - Accepted Software Licenses: 
2024-08-09 16:24:09,249 [INFO] AnalyticsPlugin:255 - Accepted CMSIS Pack Licenses: 
2024-08-09 16:24:09,249 [INFO] AnalyticsPlugin:257 - Accepted Firmware Licenses: FW.F7.1.17.0,FW.L4.1.18.0
2024-08-09 16:24:09,250 [INFO] PluginManage:359 - Loaded plugin analytics (category:tool,tabindex:-1)
2024-08-09 16:24:09,250 [INFO] PluginManage:310 - Check plugin cadmodel
2024-08-09 16:24:09,262 [INFO] CADModel:105 - Init CAD model plugin
2024-08-09 16:24:09,262 [INFO] PluginManage:359 - Loaded plugin cadmodel (category:power,tabindex:5)
2024-08-09 16:24:09,263 [INFO] PluginManage:310 - Check plugin clock
2024-08-09 16:24:09,267 [INFO] PluginManage:359 - Loaded plugin clock (category:base,tabindex:2)
2024-08-09 16:24:09,267 [INFO] PluginManage:310 - Check plugin ddr
2024-08-09 16:24:09,268 [INFO] PluginManage:359 - Loaded plugin ddr (category:tool,tabindex:6)
2024-08-09 16:24:09,268 [INFO] PluginManage:310 - Check plugin filemanager
2024-08-09 16:24:09,346 [INFO] PluginManage:359 - Loaded plugin filemanager (category:base,tabindex:10)
2024-08-09 16:24:09,346 [INFO] PluginManage:310 - Check plugin ipmanager
2024-08-09 16:24:09,352 [INFO] PluginManage:359 - Loaded plugin ipmanager (category:base,tabindex:5)
2024-08-09 16:24:09,352 [INFO] PluginManage:310 - Check plugin lpbam
2024-08-09 16:24:09,358 [INFO] PluginManage:359 - Loaded plugin lpbam (category:base,tabindex:0)
2024-08-09 16:24:09,358 [INFO] PluginManage:310 - Check plugin memorymap
2024-08-09 16:24:09,366 [INFO] PluginManage:359 - Loaded plugin memorymap (category:base,tabindex:4)
2024-08-09 16:24:09,367 [INFO] PluginManage:310 - Check plugin pinoutandconfiguration
2024-08-09 16:24:09,372 [INFO] PluginManage:359 - Loaded plugin pinoutandconfiguration (category:base,tabindex:1)
2024-08-09 16:24:09,372 [INFO] PluginManage:310 - Check plugin pinoutconfig
2024-08-09 16:24:09,434 [WARN] SupportedApi:132 - Cannot load RTOS API schema: s4s-elt-must-match.1: The content of 'definitions' must match (annotation?, (simpleType | complexType)?, (unique | key | keyref)*)). A problem was found starting at: attribute.
2024-08-09 16:24:09,529 [INFO] PluginManage:359 - Loaded plugin pinoutconfig (category:base,tabindex:0)
2024-08-09 16:24:09,529 [INFO] PluginManage:310 - Check plugin power
2024-08-09 16:24:09,535 [INFO] PluginManage:359 - Loaded plugin power (category:power,tabindex:4)
2024-08-09 16:24:09,535 [INFO] PluginManage:310 - Check plugin projectmanager
2024-08-09 16:24:09,545 [INFO] PluginManage:359 - Loaded plugin projectmanager (category:projectmanager,tabindex:3)
2024-08-09 16:24:09,545 [INFO] PluginManage:310 - Check plugin thirdparty
2024-08-09 16:24:09,632 [INFO] PluginManage:359 - Loaded plugin thirdparty (category:base,tabindex:-1)
2024-08-09 16:24:09,632 [WARN] IntegrityCheckThread:84 - waiting for thirdparty lock release [integrity check]
2024-08-09 16:24:09,632 [INFO] PluginManage:310 - Check plugin tools
2024-08-09 16:24:09,632 [INFO] IntegrityCheckThread:86 - entering critical section [integrity check]
2024-08-09 16:24:09,633 [INFO] ThirdPartyUpdaterWithRetryManager:70 - Updater plugin not ready yet. [1/15]
2024-08-09 16:24:09,634 [INFO] PluginManage:359 - Loaded plugin tools (category:base,tabindex:7)
2024-08-09 16:24:09,635 [INFO] PluginManage:310 - Check plugin tutovideos
2024-08-09 16:24:09,750 [INFO] PluginManage:359 - Loaded plugin tutovideos (category:base,tabindex:-1)
2024-08-09 16:24:09,750 [INFO] PluginManage:310 - Check plugin updater
2024-08-09 16:24:09,756 [INFO] PluginManage:359 - Loaded plugin updater (category:base,tabindex:12)
2024-08-09 16:24:09,756 [INFO] PluginManage:310 - Check plugin userauth
2024-08-09 16:24:09,759 [INFO] UserAuth:114 - Init User Auth plugin
2024-08-09 16:24:09,759 [INFO] PluginManage:359 - Loaded plugin userauth (category:base,tabindex:14)
2024-08-09 16:24:09,759 [INFO] PluginManage:283 - PluginManage : Loaded plugins [17]
2024-08-09 16:24:09,867 [INFO] PinOutPanel:1499 - setPackage(No Configuration,No Configuration)
2024-08-09 16:24:09,904 [INFO] CADModel:165 - CPN selected for project level
2024-08-09 16:24:09,904 [INFO] CADModel:114 - Register for checkConnection events
2024-08-09 16:24:09,910 [INFO] IPUIPlugin:80 - create IPUIPlugin
2024-08-09 16:24:09,910 [INFO] PluginManager:220 - loadIPPluginJar : add gtzc
2024-08-09 16:24:09,914 [INFO] IPUIPlugin:80 - create IPUIPlugin
2024-08-09 16:24:09,915 [INFO] PluginManager:220 - loadIPPluginJar : add fmc
2024-08-09 16:24:09,916 [INFO] IPUIPlugin:80 - create IPUIPlugin
2024-08-09 16:24:09,916 [INFO] PluginManager:220 - loadIPPluginJar : add dma3
2024-08-09 16:24:09,918 [INFO] IPUIPlugin:80 - create IPUIPlugin
2024-08-09 16:24:09,918 [INFO] PluginManager:220 - loadIPPluginJar : add touchsensing
2024-08-09 16:24:09,919 [INFO] IPUIPlugin:80 - create IPUIPlugin
2024-08-09 16:24:09,919 [INFO] PluginManager:220 - loadIPPluginJar : add comp
2024-08-09 16:24:09,922 [INFO] IPUIPlugin:80 - create IPUIPlugin
2024-08-09 16:24:09,923 [INFO] PluginManager:220 - loadIPPluginJar : add plateformsettings
2024-08-09 16:24:09,924 [INFO] IPUIPlugin:80 - create IPUIPlugin
2024-08-09 16:24:09,924 [INFO] PluginManager:220 - loadIPPluginJar : add cryp
2024-08-09 16:24:09,926 [INFO] IPUIPlugin:80 - create IPUIPlugin
2024-08-09 16:24:09,926 [INFO] PluginManager:220 - loadIPPluginJar : add sai
2024-08-09 16:24:09,928 [INFO] IPUIPlugin:80 - create IPUIPlugin
2024-08-09 16:24:09,928 [INFO] PluginManager:220 - loadIPPluginJar : add gic
2024-08-09 16:24:09,931 [INFO] IPUIPlugin:80 - create IPUIPlugin
2024-08-09 16:24:09,931 [INFO] PluginManager:220 - loadIPPluginJar : add adc
2024-08-09 16:24:09,932 [INFO] IPUIPlugin:80 - create IPUIPlugin
2024-08-09 16:24:09,932 [INFO] PluginManager:220 - loadIPPluginJar : add dfsdm
2024-08-09 16:24:09,935 [INFO] IPUIPlugin:80 - create IPUIPlugin
2024-08-09 16:24:09,935 [INFO] PluginManager:220 - loadIPPluginJar : add freertos
2024-08-09 16:24:09,938 [INFO] IPUIPlugin:80 - create IPUIPlugin
2024-08-09 16:24:09,938 [INFO] PluginManager:220 - loadIPPluginJar : add linkedlist
2024-08-09 16:24:09,939 [INFO] IPUIPlugin:80 - create IPUIPlugin
2024-08-09 16:24:09,939 [INFO] PluginManager:220 - loadIPPluginJar : add tim
2024-08-09 16:24:09,940 [INFO] IPUIPlugin:80 - create IPUIPlugin
2024-08-09 16:24:09,940 [INFO] PluginManager:220 - loadIPPluginJar : add quadspi
2024-08-09 16:24:09,941 [INFO] IPUIPlugin:80 - create IPUIPlugin
2024-08-09 16:24:09,941 [INFO] PluginManager:220 - loadIPPluginJar : add lorawan
2024-08-09 16:24:09,942 [INFO] IPUIPlugin:80 - create IPUIPlugin
2024-08-09 16:24:09,942 [INFO] PluginManager:220 - loadIPPluginJar : add i2s
2024-08-09 16:24:09,942 [INFO] IPUIPlugin:80 - create IPUIPlugin
2024-08-09 16:24:09,942 [INFO] PluginManager:220 - loadIPPluginJar : add hash
2024-08-09 16:24:09,943 [INFO] IPUIPlugin:80 - create IPUIPlugin
2024-08-09 16:24:09,943 [INFO] PluginManager:220 - loadIPPluginJar : add i2c
2024-08-09 16:24:09,946 [INFO] IPUIPlugin:80 - create IPUIPlugin
2024-08-09 16:24:09,946 [INFO] PluginManager:220 - loadIPPluginJar : add stm32_wpan
2024-08-09 16:24:09,947 [INFO] IPUIPlugin:80 - create IPUIPlugin
2024-08-09 16:24:09,947 [INFO] PluginManager:220 - loadIPPluginJar : add resmgrutility
2024-08-09 16:24:09,948 [INFO] IPUIPlugin:80 - create IPUIPlugin
2024-08-09 16:24:09,948 [INFO] PluginManager:220 - loadIPPluginJar : add aes
2024-08-09 16:24:09,951 [INFO] IPUIPlugin:80 - create IPUIPlugin
2024-08-09 16:24:09,951 [INFO] PluginManager:220 - loadIPPluginJar : add dma
2024-08-09 16:24:09,952 [INFO] IPUIPlugin:80 - create IPUIPlugin
2024-08-09 16:24:09,952 [INFO] PluginManager:220 - loadIPPluginJar : add gfxmmu
2024-08-09 16:24:09,953 [INFO] IPUIPlugin:80 - create IPUIPlugin
2024-08-09 16:24:09,953 [INFO] PluginManager:220 - loadIPPluginJar : add pdm2pcm
2024-08-09 16:24:09,953 [INFO] IPUIPlugin:80 - create IPUIPlugin
2024-08-09 16:24:09,953 [INFO] PluginManager:220 - loadIPPluginJar : add tsc
2024-08-09 16:24:09,954 [INFO] IPUIPlugin:80 - create IPUIPlugin
2024-08-09 16:24:09,954 [INFO] PluginManager:220 - loadIPPluginJar : add ts
2024-08-09 16:24:09,955 [INFO] IPUIPlugin:80 - create IPUIPlugin
2024-08-09 16:24:09,955 [INFO] PluginManager:220 - loadIPPluginJar : add genericplugin
2024-08-09 16:24:09,955 [INFO] IPUIPlugin:80 - create IPUIPlugin
2024-08-09 16:24:09,955 [INFO] PluginManager:220 - loadIPPluginJar : add tracer_emb
2024-08-09 16:24:09,956 [INFO] IPUIPlugin:80 - create IPUIPlugin
2024-08-09 16:24:09,956 [INFO] PluginManager:220 - loadIPPluginJar : add ltdc
2024-08-09 16:24:09,957 [INFO] IPUIPlugin:80 - create IPUIPlugin
2024-08-09 16:24:09,957 [INFO] PluginManager:220 - loadIPPluginJar : add usart
2024-08-09 16:24:09,958 [INFO] IPUIPlugin:80 - create IPUIPlugin
2024-08-09 16:24:09,958 [INFO] PluginManager:220 - loadIPPluginJar : add can
2024-08-09 16:24:09,958 [INFO] IPUIPlugin:80 - create IPUIPlugin
2024-08-09 16:24:09,958 [INFO] PluginManager:220 - loadIPPluginJar : add fatfs
2024-08-09 16:24:09,959 [INFO] IPUIPlugin:80 - create IPUIPlugin
2024-08-09 16:24:09,959 [INFO] PluginManager:220 - loadIPPluginJar : add i3c
2024-08-09 16:24:09,960 [INFO] IPUIPlugin:80 - create IPUIPlugin
2024-08-09 16:24:09,961 [INFO] PluginManager:220 - loadIPPluginJar : add opamp
2024-08-09 16:24:09,962 [INFO] IPUIPlugin:80 - create IPUIPlugin
2024-08-09 16:24:09,962 [INFO] PluginManager:220 - loadIPPluginJar : add gpio
2024-08-09 16:24:09,963 [INFO] IPUIPlugin:80 - create IPUIPlugin
2024-08-09 16:24:09,963 [INFO] PluginManager:220 - loadIPPluginJar : add openamp
2024-08-09 16:24:09,965 [INFO] IPUIPlugin:80 - create IPUIPlugin
2024-08-09 16:24:09,965 [INFO] PluginManager:220 - loadIPPluginJar : add nvic
2024-08-09 16:24:09,966 [INFO] IPUIPlugin:80 - create IPUIPlugin
2024-08-09 16:24:09,966 [INFO] PluginManager:220 - loadIPPluginJar : add ipddr
2024-08-09 16:24:09,967 [INFO] IPUIPlugin:80 - create IPUIPlugin
2024-08-09 16:24:09,967 [INFO] PluginManager:220 - loadIPPluginJar : add ucpd
2024-08-09 16:24:09,968 [INFO] IPUIPlugin:80 - create IPUIPlugin
2024-08-09 16:24:09,968 [INFO] PluginManager:220 - loadIPPluginJar : add spi
2024-08-09 16:24:09,969 [INFO] IPUIPlugin:80 - create IPUIPlugin
2024-08-09 16:24:09,969 [INFO] PluginManager:220 - loadIPPluginJar : add usbx
2024-08-09 16:24:09,972 [INFO] IPUIPlugin:80 - create IPUIPlugin
2024-08-09 16:24:09,972 [INFO] PluginManager:220 - loadIPPluginJar : add mdma
2024-08-09 16:24:10,061 [INFO] CADModel:165 - CPN selected for project level
2024-08-09 16:24:10,061 [INFO] CADModel:114 - Register for checkConnection events
2024-08-09 16:24:10,061 [FATAL] Updater:308 - Updater called before beeing initialized
2024-08-09 16:24:10,062 [ERROR] CADModel:125 - Updater not yet initialized, retry later 
2024-08-09 16:24:10,131 [INFO] CADModel:165 - CPN selected for project level
2024-08-09 16:24:10,131 [INFO] CADModel:114 - Register for checkConnection events
2024-08-09 16:24:10,131 [FATAL] Updater:308 - Updater called before beeing initialized
2024-08-09 16:24:10,131 [ERROR] CADModel:125 - Updater not yet initialized, retry later 
2024-08-09 16:24:10,133 [FATAL] Updater:308 - Updater called before beeing initialized
2024-08-09 16:24:10,180 [FATAL] Updater:308 - Updater called before beeing initialized
2024-08-09 16:24:10,183 [INFO] DbMcusAds:53 - JSON generation date=Thu May 16 02:22:00 PDT 2024 (1715851320667)
2024-08-09 16:24:10,183 [FATAL] Updater:308 - Updater called before beeing initialized
2024-08-09 16:24:10,205 [WARN] DetailPanel:346 - Failed to get advertising image, set to default
2024-08-09 16:24:10,275 [FATAL] Updater:308 - Updater called before beeing initialized
2024-08-09 16:24:10,276 [FATAL] Updater:308 - Updater called before beeing initialized
2024-08-09 16:24:10,276 [FATAL] Updater:308 - Updater called before beeing initialized
2024-08-09 16:24:10,276 [WARN] DetailPanel:346 - Failed to get advertising image, set to default
2024-08-09 16:24:10,277 [FATAL] Updater:308 - Updater called before beeing initialized
2024-08-09 16:24:10,295 [ERROR] Updater:1120 - MainUpdater not yet initialized. External WinMGr cannot be set.
2024-08-09 16:24:10,296 [INFO] Updater:1056 - Updater Version found : 6.10.0
2024-08-09 16:24:10,307 [INFO] ApplicationProperties:184 - Using Application install path: /opt/st/stm32cubeide_1.14.0/plugins/com.st.stm32cube.common.mx_6.10.0.202311202037
2024-08-09 16:24:10,511 [INFO] MainUpdater:2873 - connection check result : 10
2024-08-09 16:24:10,512 [INFO] MainUpdater:290 - Updater Check For Update Now.
2024-08-09 16:24:10,512 [INFO] MicroXplorer:498 - Change Database Version : DB.6.0.100
2024-08-09 16:24:10,515 [INFO] McuFinderGlobals:63 - Set McuFinder mode to 2 (CubeIDE integrated)
2024-08-09 16:24:10,515 [INFO] UserAuth:180 - activating auth plugin
2024-08-09 16:24:10,518 [INFO] UserAuth:404 - Internet connection configuration mode: 1
2024-08-09 16:24:10,563 [INFO] JxBrowserEngine:152 - Initiate JxBrowser Engine with user profile folder
2024-08-09 16:24:10,696 [INFO] CheckServerUpdateThread:120 - End of CheckServer Thread
2024-08-09 16:24:11,343 [INFO] WebApp:161 - Instantiating new browser for Auth
2024-08-09 16:24:11,788 [INFO] WebApp:780 - Register for checkConnection events
2024-08-09 16:24:11,788 [INFO] WebApp:414 - Apply proxy settings
2024-08-09 16:24:11,788 [INFO] WebApp:499 - Chromium requires no authentication
2024-08-09 16:24:11,792 [INFO] WebApp:442 - Direct internet connection detected
2024-08-09 16:24:11,878 [INFO] WebApp:192 - Starting web application
2024-08-09 16:24:11,878 [INFO] WebApp:544 - Web application path used /opt/st/stm32cubeide_1.14.0/plugins/com.st.stm32cube.common.mx_6.10.0.202311202037/db/plugins/mcufinder/reactClient1/index.html
2024-08-09 16:24:12,711 [WARN] PackLoader:240 - Cannot read IP mode file for STMicroelectronics.FP-SNS-MOTENVWB1.1.4.0
2024-08-09 16:24:12,719 [WARN] PackLoader:240 - Cannot read IP mode file for STMicroelectronics.X-CUBE-SMBUS.2.1.0
2024-08-09 16:24:12,721 [WARN] PackLoader:240 - Cannot read IP mode file for STMicroelectronics.X-CUBE-TOUCHGFX.4.23.1
2024-08-09 16:24:12,724 [WARN] PackLoader:240 - Cannot read IP mode file for STMicroelectronics.X-CUBE-TOUCHGFX.4.23.0
2024-08-09 16:24:12,726 [WARN] PackLoader:240 - Cannot read IP mode file for STMicroelectronics.X-CUBE-TOUCHGFX.4.23.2
2024-08-09 16:24:12,751 [WARN] PackLoader:240 - Cannot read IP mode file for STMicroelectronics.X-CUBE-AZRTOS-F7.1.1.0
2024-08-09 16:24:12,762 [WARN] PackLoader:240 - Cannot read IP mode file for STMicroelectronics.FP-SNS-MOTENV1.4.3.2
2024-08-09 16:24:12,768 [WARN] PackLoader:240 - Cannot read IP mode file for STMicroelectronics.FP-SNS-FLIGHT1.5.0.2
2024-08-09 16:24:12,774 [WARN] PackLoader:240 - Cannot read IP mode file for STMicroelectronics.X-CUBE-DISPLAY.3.0.0
2024-08-09 16:24:12,784 [WARN] PackLoader:240 - Cannot read IP mode file for STMicroelectronics.X-CUBE-BLE1.7.0.0
2024-08-09 16:24:12,788 [WARN] PackLoader:240 - Cannot read IP mode file for emotas.I-CUBE-CANOPEN.1.3.0
2024-08-09 16:24:12,799 [WARN] PackLoader:240 - Cannot read IP mode file for STMicroelectronics.X-CUBE-BLEMGR.3.1.0
2024-08-09 16:24:12,806 [WARN] PackLoader:240 - Cannot read IP mode file for STMicroelectronics.FP-SNS-SMARTAG2.1.2.0
2024-08-09 16:24:12,813 [INFO] LogOutputStream:77 - [STDOUT_REDIRECT] 1 : Invalid condition id : UX_CORESTACK_Condition cause : null
2024-08-09 16:24:12,814 [INFO] LogOutputStream:77 - [STDOUT_REDIRECT] 1 : Invalid condition id : UX_CORESTACK_Condition cause : null
2024-08-09 16:24:12,814 [INFO] LogOutputStream:77 - [STDOUT_REDIRECT] 1 : Invalid condition id : UX_CORESTACK_Condition cause : null
2024-08-09 16:24:12,814 [INFO] LogOutputStream:77 - [STDOUT_REDIRECT] 1 : Invalid condition id : UX_CORESTACK_Condition cause : null
2024-08-09 16:24:12,814 [INFO] LogOutputStream:77 - [STDOUT_REDIRECT] 1 : Invalid condition id : UX_CORESTACK_Condition cause : null
2024-08-09 16:24:12,818 [WARN] PackLoader:240 - Cannot read IP mode file for STMicroelectronics.X-CUBE-AZRTOS-WL.2.0.0
2024-08-09 16:24:12,823 [WARN] PackLoader:240 - Cannot read IP mode file for STMicroelectronics.FP-SNS-MOTENV1.5.0.0
2024-08-09 16:24:12,827 [WARN] PackLoader:240 - Cannot read IP mode file for wolfSSL.I-CUBE-wolfMQTT.1.19.0
2024-08-09 16:24:12,833 [WARN] PackLoader:240 - Cannot read IP mode file for WES.I-CUBE-Cesium.1.3.0
2024-08-09 16:24:12,837 [WARN] PackLoader:240 - Cannot read IP mode file for STMicroelectronics.X-CUBE-BLE2.3.3.0
2024-08-09 16:24:12,841 [WARN] PackLoader:240 - Cannot read IP mode file for STMicroelectronics.X-CUBE-TCPP.4.1.0
2024-08-09 16:24:12,852 [WARN] PackLoader:240 - Cannot read IP mode file for STMicroelectronics.X-CUBE-ALGOBUILD.1.3.0
2024-08-09 16:24:12,868 [WARN] PackLoader:240 - Cannot read IP mode file for STMicroelectronics.X-CUBE-AZRTOS-G0.1.1.0
2024-08-09 16:24:12,876 [WARN] PackLoader:240 - Cannot read IP mode file for STMicroelectronics.X-CUBE-SAFEA1.1.2.2
2024-08-09 16:24:12,880 [WARN] PackLoader:240 - Cannot read IP mode file for STMicroelectronics.X-CUBE-NFC4.3.0.0
2024-08-09 16:24:12,889 [WARN] PackLoader:240 - Cannot read IP mode file for EmbeddedOffice.I-CUBE-FS-RTOS.1.0.1
2024-08-09 16:24:12,890 [ERROR] ConditionMgr:805 - Attr not supported : Dmpu
2024-08-09 16:24:12,890 [ERROR] ConditionMgr:805 - Attr not supported : Dmpu
2024-08-09 16:24:12,890 [ERROR] ConditionMgr:805 - Attr not supported : Dmpu
2024-08-09 16:24:12,890 [ERROR] ConditionMgr:805 - Attr not supported : Dmpu
2024-08-09 16:24:12,890 [ERROR] ConditionMgr:805 - Attr not supported : Dmpu
2024-08-09 16:24:12,890 [ERROR] ConditionMgr:805 - Attr not supported : Dmpu
2024-08-09 16:24:12,890 [ERROR] ConditionMgr:805 - Attr not supported : Dmpu
2024-08-09 16:24:12,890 [ERROR] ConditionMgr:805 - Attr not supported : Dmpu
2024-08-09 16:24:12,890 [ERROR] ConditionMgr:805 - Attr not supported : Dmpu
2024-08-09 16:24:12,890 [ERROR] ConditionMgr:805 - Attr not supported : Dmpu
2024-08-09 16:24:12,890 [ERROR] ConditionMgr:805 - Attr not supported : Dmpu
2024-08-09 16:24:12,890 [ERROR] ConditionMgr:805 - Attr not supported : Dmpu
2024-08-09 16:24:12,890 [ERROR] ConditionMgr:805 - Attr not supported : Dmpu
2024-08-09 16:24:12,891 [ERROR] ConditionMgr:805 - Attr not supported : Dmpu
2024-08-09 16:24:12,891 [ERROR] ConditionMgr:805 - Attr not supported : Dmpu
2024-08-09 16:24:12,891 [ERROR] ConditionMgr:805 - Attr not supported : Dmpu
2024-08-09 16:24:12,891 [ERROR] ConditionMgr:805 - Attr not supported : Dmpu
2024-08-09 16:24:12,891 [ERROR] ConditionMgr:805 - Attr not supported : Dmpu
2024-08-09 16:24:12,891 [ERROR] ConditionMgr:805 - Attr not supported : Dmpu
2024-08-09 16:24:12,891 [ERROR] ConditionMgr:805 - Attr not supported : Dmpu
2024-08-09 16:24:12,891 [ERROR] ConditionMgr:805 - Attr not supported : Dmpu
2024-08-09 16:24:12,891 [ERROR] ConditionMgr:805 - Attr not supported : Dmpu
2024-08-09 16:24:12,891 [ERROR] ConditionMgr:805 - Attr not supported : Dmpu
2024-08-09 16:24:12,891 [ERROR] ConditionMgr:805 - Attr not supported : Dmpu
2024-08-09 16:24:12,891 [ERROR] ConditionMgr:805 - Attr not supported : Dmpu
2024-08-09 16:24:12,891 [ERROR] ConditionMgr:805 - Attr not supported : Dmpu
2024-08-09 16:24:12,891 [ERROR] ConditionMgr:805 - Attr not supported : Dmpu
2024-08-09 16:24:12,891 [ERROR] ConditionMgr:805 - Attr not supported : Dmpu
2024-08-09 16:24:12,891 [ERROR] ConditionMgr:805 - Attr not supported : Dmpu
2024-08-09 16:24:12,891 [ERROR] ConditionMgr:805 - Attr not supported : Dmpu
2024-08-09 16:24:12,891 [ERROR] ConditionMgr:805 - Attr not supported : Dmpu
2024-08-09 16:24:12,891 [ERROR] ConditionMgr:805 - Attr not supported : Dmpu
2024-08-09 16:24:12,892 [ERROR] ConditionMgr:805 - Attr not supported : Dmpu
2024-08-09 16:24:12,892 [ERROR] ConditionMgr:805 - Attr not supported : Dmpu
2024-08-09 16:24:12,892 [ERROR] ConditionMgr:805 - Attr not supported : Dmpu
2024-08-09 16:24:12,892 [ERROR] ConditionMgr:805 - Attr not supported : Dmpu
2024-08-09 16:24:12,892 [ERROR] ConditionMgr:805 - Attr not supported : Dmpu
2024-08-09 16:24:12,892 [ERROR] ConditionMgr:805 - Attr not supported : Dmpu
2024-08-09 16:24:12,892 [ERROR] ConditionMgr:805 - Attr not supported : Dmpu
2024-08-09 16:24:12,892 [ERROR] ConditionMgr:805 - Attr not supported : Dmpu
2024-08-09 16:24:12,892 [ERROR] ConditionMgr:805 - Attr not supported : Dmpu
2024-08-09 16:24:12,892 [ERROR] ConditionMgr:805 - Attr not supported : Dmpu
2024-08-09 16:24:12,892 [ERROR] ConditionMgr:805 - Attr not supported : Dmpu
2024-08-09 16:24:12,892 [ERROR] ConditionMgr:805 - Attr not supported : Dmpu
2024-08-09 16:24:12,892 [ERROR] ConditionMgr:805 - Attr not supported : Dmpu
2024-08-09 16:24:12,892 [ERROR] ConditionMgr:805 - Attr not supported : Dmpu
2024-08-09 16:24:12,893 [ERROR] ConditionMgr:805 - Attr not supported : Dmpu
2024-08-09 16:24:12,893 [ERROR] ConditionMgr:805 - Attr not supported : Dmpu
2024-08-09 16:24:12,893 [ERROR] ConditionMgr:805 - Attr not supported : Dmpu
2024-08-09 16:24:12,893 [ERROR] ConditionMgr:805 - Attr not supported : Dmpu
2024-08-09 16:24:12,893 [ERROR] ConditionMgr:805 - Attr not supported : Dmpu
2024-08-09 16:24:12,893 [ERROR] ConditionMgr:805 - Attr not supported : Dmpu
2024-08-09 16:24:12,893 [ERROR] ConditionMgr:805 - Attr not supported : Dmpu
2024-08-09 16:24:12,893 [ERROR] ConditionMgr:805 - Attr not supported : Dmpu
2024-08-09 16:24:12,893 [ERROR] ConditionMgr:805 - Attr not supported : Dmpu
2024-08-09 16:24:12,893 [ERROR] ConditionMgr:805 - Attr not supported : Dmpu
2024-08-09 16:24:12,893 [ERROR] ConditionMgr:805 - Attr not supported : Dmpu
2024-08-09 16:24:12,893 [ERROR] ConditionMgr:805 - Attr not supported : Dmpu
2024-08-09 16:24:12,893 [ERROR] ConditionMgr:805 - Attr not supported : Dmpu
2024-08-09 16:24:12,893 [ERROR] ConditionMgr:805 - Attr not supported : Dmpu
2024-08-09 16:24:12,893 [ERROR] ConditionMgr:805 - Attr not supported : Dmpu
2024-08-09 16:24:12,893 [ERROR] ConditionMgr:805 - Attr not supported : Dmpu
2024-08-09 16:24:12,894 [ERROR] ConditionMgr:805 - Attr not supported : Dmpu
2024-08-09 16:24:12,894 [ERROR] ConditionMgr:805 - Attr not supported : Dmpu
2024-08-09 16:24:12,897 [WARN] PackLoader:240 - Cannot read IP mode file for RealThread.X-CUBE-RT-Thread_Nano.4.1.1
2024-08-09 16:24:12,900 [WARN] PackLoader:240 - Cannot read IP mode file for STMicroelectronics.FP-ATR-SIGFOX1.3.2.0
2024-08-09 16:24:12,904 [WARN] PackLoader:240 - Cannot read IP mode file for STMicroelectronics.X-CUBE-EEPRMA1.5.1.0
2024-08-09 16:24:12,925 [WARN] PackLoader:240 - Cannot read IP mode file for SEGGER.I-CUBE-embOS.1.3.1
2024-08-09 16:24:12,952 [WARN] PackLoader:240 - Cannot read IP mode file for STMicroelectronics.X-CUBE-ALGOBUILD.1.4.0
2024-08-09 16:24:12,956 [WARN] PackLoader:240 - Cannot read IP mode file for STMicroelectronics.X-CUBE-GNSS1.6.0.0
2024-08-09 16:24:12,966 [WARN] PackLoader:240 - Cannot read IP mode file for STMicroelectronics.X-CUBE-AZRTOS-F4.1.1.0
2024-08-09 16:24:12,970 [WARN] PackLoader:240 - Cannot read IP mode file for STMicroelectronics.X-CUBE-FREERTOS.1.2.0
2024-08-09 16:24:12,973 [WARN] PackLoader:240 - Cannot read IP mode file for wolfSSL.I-CUBE-wolfSSL.5.6.6
2024-08-09 16:24:12,984 [WARN] PackLoader:240 - Cannot read IP mode file for STMicroelectronics.X-CUBE-AZRTOS-L5.2.0.0
2024-08-09 16:24:12,991 [WARN] PackLoader:240 - Cannot read IP mode file for STMicroelectronics.X-CUBE-NFC6.3.1.0
2024-08-09 16:24:12,996 [WARN] PackLoader:240 - Cannot read IP mode file for ITTIA_DB.I-CUBE-ITTIADB.8.8.0
2024-08-09 16:24:13,000 [WARN] PackLoader:240 - Cannot read IP mode file for STMicroelectronics.X-CUBE-DPower.1.2.0
2024-08-09 16:24:13,003 [WARN] PackLoader:240 - Cannot read IP mode file for STMicroelectronics.X-CUBE-AI.9.0.0
2024-08-09 16:24:13,007 [WARN] PackLoader:240 - Cannot read IP mode file for STMicroelectronics.X-CUBE-NFC7.1.0.1
2024-08-09 16:24:13,010 [WARN] PackLoader:240 - Cannot read IP mode file for wolfSSL.I-CUBE-wolfTPM.3.2.0
2024-08-09 16:24:13,016 [WARN] PackLoader:240 - Cannot read IP mode file for STMicroelectronics.X-CUBE-NFC6.3.0.0
2024-08-09 16:24:13,020 [WARN] PackLoader:240 - Cannot read IP mode file for STMicroelectronics.X-CUBE-AI.8.1.0
2024-08-09 16:24:13,032 [WARN] ConditionMgr:438 - getConditionDescription Invalid condition id : LAN8742 Phy interface Condition cause : null
2024-08-09 16:24:13,032 [WARN] PackLoader:240 - Cannot read IP mode file for STMicroelectronics.X-CUBE-AZRTOS-L4.2.0.0
2024-08-09 16:24:13,033 [WARN] ConditionMgr:1039 - genDependencies : Invalid condition id : LAN8742 Phy interface Condition cause : null
2024-08-09 16:24:13,033 [WARN] ConditionMgr:1039 - genDependencies : Invalid condition id : LAN8742 Phy interface Condition cause : null
2024-08-09 16:24:13,034 [WARN] ConditionMgr:1039 - genDependencies : Invalid condition id : LAN8742 Phy interface Condition cause : null
2024-08-09 16:24:13,038 [WARN] PackLoader:240 - Cannot read IP mode file for STMicroelectronics.X-CUBE-SFXS2LP1.4.0.0
2024-08-09 16:24:13,047 [WARN] ConditionMgr:438 - getConditionDescription Invalid condition id : UX DEVICE CLASS RTOS Condition cause : null
2024-08-09 16:24:13,047 [WARN] ConditionMgr:438 - getConditionDescription Invalid condition id : UX DEVICE CLASS RTOS Condition cause : null
2024-08-09 16:24:13,049 [WARN] PackLoader:240 - Cannot read IP mode file for STMicroelectronics.X-CUBE-AZRTOS-WB.2.0.0
2024-08-09 16:24:13,050 [WARN] ConditionMgr:1039 - genDependencies : Invalid condition id : UX DEVICE CLASS RTOS Condition cause : null
2024-08-09 16:24:13,050 [WARN] ConditionMgr:1039 - genDependencies : Invalid condition id : UX DEVICE CLASS RTOS Condition cause : null
2024-08-09 16:24:13,050 [WARN] ConditionMgr:1039 - genDependencies : Invalid condition id : UX DEVICE CLASS RTOS Condition cause : null
2024-08-09 16:24:13,050 [WARN] ConditionMgr:1039 - genDependencies : Invalid condition id : UX DEVICE CLASS RTOS Condition cause : null
2024-08-09 16:24:13,050 [WARN] ConditionMgr:1039 - genDependencies : Invalid condition id : UX DEVICE CLASS RTOS Condition cause : null
2024-08-09 16:24:13,059 [WARN] PackLoader:240 - Cannot read IP mode file for STMicroelectronics.FP-SNS-STBOX1.2.0.0
2024-08-09 16:24:13,066 [WARN] PackLoader:240 - Cannot read IP mode file for STMicroelectronics.X-CUBE-SUBG2.5.0.0
2024-08-09 16:24:13,076 [WARN] PackLoader:240 - Cannot read IP mode file for STMicroelectronics.X-CUBE-AZRTOS-G4.2.0.0
2024-08-09 16:24:13,084 [WARN] PackLoader:240 - Cannot read IP mode file for Infineon.AIROC-Wi-Fi-Bluetooth-STM32.1.5.1
2024-08-09 16:24:13,089 [WARN] PackLoader:240 - Cannot read IP mode file for STMicroelectronics.FP-SNS-MOTENVWB1.1.3.1
2024-08-09 16:24:13,090 [WARN] PackLoader:240 - Cannot read IP mode file for STMicroelectronics.X-CUBE-ISPU.2.0.0
2024-08-09 16:24:13,093 [WARN] PackLoader:240 - Cannot read IP mode file for STMicroelectronics.X-CUBE-ALS.1.0.2
2024-08-09 16:24:13,118 [WARN] PackLoader:240 - Cannot read IP mode file for STMicroelectronics.X-CUBE-MEMS1.10.0.0
2024-08-09 16:24:13,189 [WARN] PackLoader:240 - Cannot read IP mode file for STMicroelectronics.X-CUBE-FREERTOS.1.1.0
2024-08-09 16:24:13,190 [WARN] PackLoader:240 - Cannot read IP mode file for STMicroelectronics.X-CUBE-TOUCHGFX.4.24.0
2024-08-09 16:24:13,193 [WARN] PackLoader:240 - Cannot read IP mode file for portGmbH.I-Cube-SoM-uGOAL.1.1.0
2024-08-09 16:24:13,194 [WARN] PackLoader:240 - Cannot read IP mode file for STMicroelectronics.X-CUBE-ALS.1.0.1
2024-08-09 16:24:13,204 [WARN] PackLoader:240 - Cannot read IP mode file for STMicroelectronics.X-CUBE-AZRTOS-H7RS.1.0.0
2024-08-09 16:24:13,207 [WARN] PackLoader:240 - Cannot read IP mode file for STMicroelectronics.FP-ATR-ASTRA1.2.0.0
2024-08-09 16:24:13,215 [WARN] PackLoader:240 - Cannot read IP mode file for STMicroelectronics.X-CUBE-TOF1.3.4.2
2024-08-09 16:24:13,229 [WARN] PackLoader:240 - Cannot read IP mode file for STMicroelectronics.X-CUBE-TOF1.3.4.0
2024-08-09 16:24:13,240 [WARN] PackLoader:240 - Cannot read IP mode file for STMicroelectronics.X-CUBE-TOF1.3.4.1
2024-08-09 16:24:13,256 [WARN] PackLoader:240 - Cannot read IP mode file for STMicroelectronics.X-CUBE-AZRTOS-H7.3.2.0
2024-08-09 16:24:13,260 [WARN] PackLoader:240 - Cannot read IP mode file for wolfSSL.I-CUBE-wolfSSH.1.4.17
2024-08-09 16:24:13,260 [INFO] ThirdParty:978 - Integrity check success = true
2024-08-09 16:24:13,260 [INFO] IntegrityCheckThread:100 - exiting critical section [integrity check]
2024-08-09 16:24:13,260 [INFO] IntegrityCheckThread:103 - End integrity checks thread
2024-08-09 16:24:22,554 [INFO] McuFinderGlobals:63 - Set McuFinder mode to 2 (CubeIDE integrated)
2024-08-09 16:24:22,555 [INFO] MainUpdater:2873 - connection check result : 10
2024-08-09 16:24:22,556 [INFO] McuFinderGlobals:76 - Set McuFinderConnectedMode to true
2024-08-09 16:24:22,784 [INFO] ServerAccessManage:473 - Download File mcusAds.json._tmp_
2024-08-09 16:24:22,922 [INFO] LoadUrlFilesThread:156 - End of LoadUrlFiles Thread
2024-08-09 16:24:23,195 [INFO] ServerAccessManage:473 - Download File cube-finder-db.zip
2024-08-09 16:24:24,593 [INFO] FileExtend:240 - Unzip File : cube-finder-db.zip
2024-08-09 16:24:24,593 [INFO] FileExtend:255 - Standard Zip Deflate
2024-08-09 16:24:25,077 [INFO] LoadUrlFilesThread:156 - End of LoadUrlFiles Thread
2024-08-09 16:24:26,152 [INFO] ServerAccessManage:473 - Download File crdb.zip
2024-08-09 16:24:27,291 [INFO] FileExtend:240 - Unzip File : crdb.zip
2024-08-09 16:24:27,292 [INFO] FileExtend:255 - Standard Zip Deflate
2024-08-09 16:24:27,444 [INFO] LoadUrlFilesThread:156 - End of LoadUrlFiles Thread
2024-08-09 16:24:27,574 [INFO] ServerAccessManage:473 - Download File tutoVideoDB.zip
2024-08-09 16:24:27,584 [INFO] FileExtend:240 - Unzip File : tutoVideoDB.zip
2024-08-09 16:24:27,584 [INFO] FileExtend:255 - Standard Zip Deflate
2024-08-09 16:24:27,687 [INFO] LoadUrlFilesThread:156 - End of LoadUrlFiles Thread
2024-08-09 16:24:27,688 [WARN] DbFile:41 - Overriding database path with different value: /home/chris/.stmcufinder/plugins/mcufinder/ => /home/chris/.stmcufinder/plugins/mcufinder
2024-08-09 16:24:27,829 [INFO] ServerAccessManage:473 - Download File api_config.json
2024-08-09 16:24:27,931 [INFO] LoadUrlFilesThread:156 - End of LoadUrlFiles Thread
2024-08-09 16:24:27,931 [INFO] DbMcusAds:53 - JSON generation date=Thu May 16 02:22:00 PDT 2024 (1715851320667)
2024-08-09 16:24:27,942 [INFO] LoadUrlFilesThread:185 - End of LoadServerUrlFiles without Thread
2024-08-09 16:24:27,942 [INFO] TargetSelectorAdapter:259 - Refresh data is successful
2024-08-09 16:24:28,016 [INFO] ApiDb:581 - Connected to CubeFinder SQLite database (/home/chris/.stmcufinder/plugins/mcufinder/mcu/cube-finder-db.db)
2024-08-09 16:24:28,056 [INFO] ApiDb:668 - CubeFinder database Data Model version=2.1
2024-08-09 16:24:28,056 [INFO] ApiDb:669 - CubeFinder database Configuration version=3.0.39
2024-08-09 16:24:28,056 [INFO] ApiDb:670 - CubeFinder database generation date=2024-06-20 (1718880634)
2024-08-09 16:24:28,056 [INFO] ApiDb:671 - CubeFinder database FW Pack versions=[FP-ATR-ASTRA1_V2.0.0, FP-SNS-FLIGHT1_V5.0.2, FP-SNS-MOTENV1_V5.0.0, FP-SNS-MOTENVWB1_V1.4.0, FP-SNS-SMARTAG2_V1.2.0, STM32Cube_FW_C0_V1.2.0, STM32Cube_FW_F4_V1.28.0, STM32Cube_FW_F7_V1.17.2, STM32Cube_FW_G0_V1.6.2, STM32Cube_FW_G4_V1.6.0, STM32Cube_FW_H5_V1.3.0, STM32Cube_FW_H7RS_V1.1.0, STM32Cube_FW_H7_V1.11.2, STM32Cube_FW_L0_V1.12.2, STM32Cube_FW_L5_V1.5.1, STM32Cube_FW_U0_V1.1.0, STM32Cube_FW_U5_V1.6.0, STM32Cube_FW_WB0_V1.0.0, STM32Cube_FW_WBA_V1.4.0, STM32Cube_FW_WB_V1.20.0, STM32Cube_FW_WL_V1.3.0, X-CUBE-ALGOBUILD_V1.4.0, X-CUBE-ALS_V1.0.2, X-CUBE-AZRTOS-F4_V1.1.0, X-CUBE-AZRTOS-F7_V1.1.0, X-CUBE-AZRTOS-G0_V1.1.0, X-CUBE-AZRTOS-G4_V2.0.0, X-CUBE-AZRTOS-H7RS_V1.0.0, X-CUBE-AZRTOS-H7_V3.2.0, X-CUBE-AZRTOS-L4_V2.0.0, X-CUBE-AZRTOS-L5_V1.1.0, X-CUBE-AZRTOS-WB_V2.0.0, X-CUBE-AZRTOS-WL_V2.0.0, X-CUBE-BLE1_V7.0.0, X-CUBE-BLE2_V3.3.0, X-CUBE-BLEMGR_V3.1.0, X-CUBE-EEPRMA1_V5.1.0, X-CUBE-FREERTOS_V1.2.0, X-CUBE-GNSS1_V6.0.0, X-CUBE-MEMS1_V10.0.0, X-CUBE-NFC4_V3.0.0, X-CUBE-NFC7_V1.0.1, X-CUBE-SFXS2LP1_V4.0.0, X-CUBE-SUBG2_V5.0.0, X-CUBE-TOF1_V3.4.1]
2024-08-09 16:24:29,395 [INFO] ApiDb:240 - Found 371 in-development CPN: [B-G473E-ZEST1S, B-WB1M-WPAN1, B-WL5M-SUBG1, NUCLEO-C031C6, NUCLEO-H503RB, NUCLEO-H563ZI, NUCLEO-U545RE-Q, NUCLEO-U5A5ZJ-Q, NUCLEO-WBA52CG, NUCLEO-WBA55CG, STEVAL-MKBOXPRO, STEVAL-PROTEUS1, STEVAL-STWINBX1, STM320518-EVAL, STM32C0116-DK, STM32C011D6Y3TR, STM32C011D6Y6TR, STM32C011F4P3, STM32C011F4P6, STM32C011F4U3, STM32C011F4U6TR, STM32C011F6P3, STM32C011F6P6, STM32C011F6U3, STM32C011F6U6TR, STM32C011J4M3, STM32C011J4M6, STM32C011J6M3, STM32C011J6M6, STM32C0316-DK, STM32C031C4T3, STM32C031C4T6, STM32C031C4U3, STM32C031C4U6, STM32C031C6T3, STM32C031C6T6, STM32C031C6U3, STM32C031C6U6, STM32C031F4P3, STM32C031F4P6, STM32C031F6P3, STM32C031F6P6, STM32C031G4U3, STM32C031G4U6, STM32C031G6U3, STM32C031G6U6, STM32C031K4T3, STM32C031K4T6, STM32C031K4U3, STM32C031K4U6, STM32C031K6T3, STM32C031K6T6, STM32C031K6U3, STM32C031K6U6, STM32G071K8TXN, STM32G071K8UXN, STM32G081GBU6N, STM32G081KBT6N, STM32G081KBUXN, STM32G0B1CCT6N, STM32G0B1KCT6, STM32G0B1NEY6TR, STM32G0B1RCT6N, STM32G0C1CCT6, STM32G0C1CCT6N, STM32G0C1CCU6N, STM32G0C1CET6N, STM32G0C1CEU6N, STM32G0C1KCT6, STM32G0C1NEY6TR, STM32G0C1RCI6N, STM32G0C1RCT6N, STM32G0C1REI6N, STM32G0C1RET6N, STM32G0C1VCI6, STM32G0C1VEI6, STM32G471CCT6, STM32G471CCU6, STM32G471CET3, STM32G471CET6, STM32G471CEU3, STM32G471CEU6, STM32G471MCT6, STM32G471MET3, STM32G471MET6, STM32G471MEY6TR, STM32G471QCT6, STM32G471QET3, STM32G471RCT6, STM32G471RET3, STM32G471RET6, STM32G471VCH6, STM32G471VCI6, STM32G471VCT6, STM32G471VEH3, STM32G471VEH6, STM32G471VEI3, STM32G471VEI6, STM32G471VET3, STM32G471VET6, STM32G474CCT6, STM32H503CBT6, STM32H503CBU6, STM32H503EBY6TR, STM32H503KBU6, STM32H503RBT6, STM32H562AGI6, STM32H562AII6, STM32H562IGK6, STM32H562IGT6, STM32H562IIK6, STM32H562IIT6, STM32H562RGT6, STM32H562RGV6, STM32H562RIT6, STM32H562RIV6, STM32H562VGT6, STM32H562VIT6, STM32H562ZGT6, STM32H562ZIT6, STM32H563AGI6, STM32H563AII3Q, STM32H563AII6, STM32H563IGK6, STM32H563IGT6, STM32H563IIK3Q, STM32H563IIK6, STM32H563IIT3Q, STM32H563IIT6, STM32H563MIY3QTR, STM32H563RGT6, STM32H563RGV6, STM32H563RIT6, STM32H563RIV6, STM32H563VGT6, STM32H563VIT3Q, STM32H563VIT6, STM32H563ZGT6, STM32H563ZIT3Q, STM32H563ZIT6, STM32H573AII3Q, STM32H573AII6, STM32H573I-DK, STM32H573IIK3Q, STM32H573IIK6, STM32H573IIT3Q, STM32H573IIT6, STM32H573MIY3QTR, STM32H573RIT6, STM32H573RIV6, STM32H573VIT3Q, STM32H573VIT6, STM32H573ZIT3Q, STM32H573ZIT6, STM32L4R5QGI6STR, STM32MP131AAE3, STM32MP131AAF3, STM32MP131AAG3, STM32MP131CAE3, STM32MP131CAF3, STM32MP131CAG3, STM32MP131DAE7, STM32MP131DAF7, STM32MP131DAG7, STM32MP131FAE7, STM32MP131FAF7, STM32MP131FAG7, STM32MP133AAE3, STM32MP133AAF3, STM32MP133AAG3, STM32MP133CAE3, STM32MP133CAF3, STM32MP133CAG3, STM32MP133DAE7, STM32MP133DAF7, STM32MP133DAG7, STM32MP133FAE7, STM32MP133FAF7, STM32MP133FAG7, STM32MP135AAE3, STM32MP135AAF3, STM32MP135AAG3, STM32MP135CAE3, STM32MP135CAF3, STM32MP135CAG3, STM32MP135DAE7, STM32MP135DAF7, STM32MP135DAG7, STM32MP135F-DK, STM32MP135FAE7, STM32MP135FAF7, STM32MP135FAF7T, STM32MP135FAF7U, STM32MP135FAG7, STM32U535CBT6, STM32U535CBT6Q, STM32U535CBU6, STM32U535CBU6Q, STM32U535CCT6, STM32U535CCT6Q, STM32U535CCU6, STM32U535CCU6Q, STM32U535CET6, STM32U535CET6Q, STM32U535CEU6, STM32U535CEU6Q, STM32U535JEY6QTR, STM32U535NCY6QTR, STM32U535NEY6QTR, STM32U535RBI6, STM32U535RBI6Q, STM32U535RBT6, STM32U535RBT6Q, STM32U535RCI6, STM32U535RCI6Q, STM32U535RCT6, STM32U535RCT6Q, STM32U535REI6, STM32U535REI6Q, STM32U535RET6, STM32U535RET6Q, STM32U535VCI6, STM32U535VCI6Q, STM32U535VCT6, STM32U535VCT6Q, STM32U535VEI6, STM32U535VEI6Q, STM32U535VET6, STM32U535VET6Q, STM32U545CET6, STM32U545CET6Q, STM32U545CEU6, STM32U545CEU6Q, STM32U545JEY6QTR, STM32U545NEY6QTR, STM32U545REI6, STM32U545REI6Q, STM32U545RET6, STM32U545RET6Q, STM32U545VEI6, STM32U545VEI6Q, STM32U545VET6, STM32U545VET6Q, STM32U595AIH6, STM32U595AIH6Q, STM32U595AJH6, STM32U595AJH6Q, STM32U595QII6, STM32U595QII6Q, STM32U595QJI6, STM32U595QJI6Q, STM32U595RIT6, STM32U595RIT6Q, STM32U595RJT6, STM32U595RJT6Q, STM32U595VIT6, STM32U595VIT6Q, STM32U595VJT6, STM32U595VJT6Q, STM32U595ZIT6, STM32U595ZIT6Q, STM32U595ZIY6QTR, STM32U595ZJT6, STM32U595ZJT6Q, STM32U595ZJY6QTR, STM32U599BJY6QTR, STM32U599NIH6Q, STM32U599NJH6Q, STM32U599VIT6Q, STM32U599VJT6, STM32U599VJT6Q, STM32U599ZIT6Q, STM32U599ZIY6QTR, STM32U599ZJT6Q, STM32U599ZJY6QTR, STM32U5A5AJH6, STM32U5A5AJH6Q, STM32U5A5QJI6, STM32U5A5QJI6Q, STM32U5A5RJT6, STM32U5A5RJT6Q, STM32U5A5VJT6, STM32U5A5VJT6Q, STM32U5A5ZJT6, STM32U5A5ZJT6Q, STM32U5A5ZJY6QTR, STM32U5A9BJY6QTR, STM32U5A9J-DK, STM32U5A9NJH6Q, STM32U5A9VJT6Q, STM32U5A9ZJT6Q, STM32U5A9ZJY6QTR, STM32U5F7VIT6, STM32U5F7VIT6Q, STM32U5F7VJT6, STM32U5F7VJT6Q, STM32U5F9BJY6QTR, STM32U5F9NJH6Q, STM32U5F9VIT6Q, STM32U5F9VJT6Q, STM32U5F9ZIJ6QTR, STM32U5F9ZIT6Q, STM32U5F9ZJJ6QTR, STM32U5F9ZJT6Q, STM32U5G7VJT6, STM32U5G7VJT6Q, STM32U5G9BJY6QTR, STM32U5G9J-DK1, STM32U5G9J-DK2, STM32U5G9NJH6Q, STM32U5G9VJT6Q, STM32U5G9ZJJ6QTR, STM32U5G9ZJT6Q, STM32WB1MMCH6, STM32WBA50KEU6, STM32WBA50KEU6TR, STM32WBA50KGU6, STM32WBA50KGU6TR, STM32WBA52CEU6, STM32WBA52CEU6TR, STM32WBA52CEU7, STM32WBA52CEU7TR, STM32WBA52CGU6, STM32WBA52CGU6TR, STM32WBA52CGU6U, STM32WBA52CGU7, STM32WBA52CGU7TR, STM32WBA52KEU6, STM32WBA52KEU6TR, STM32WBA52KGU6, STM32WBA52KGU6TR, STM32WBA54CEU6, STM32WBA54CEU6TR, STM32WBA54CEU7, STM32WBA54CEU7TR, STM32WBA54CGU6, STM32WBA54CGU6TR, STM32WBA54CGU7, STM32WBA54CGU7TR, STM32WBA54KEU6, STM32WBA54KEU6TR, STM32WBA54KEU7, STM32WBA54KEU7TR, STM32WBA54KGU6, STM32WBA54KGU6TR, STM32WBA54KGU7, STM32WBA54KGU7TR, STM32WBA55CEU6, STM32WBA55CEU6TR, STM32WBA55CEU7, STM32WBA55CEU7TR, STM32WBA55CGU6, STM32WBA55CGU6TR, STM32WBA55CGU6U, STM32WBA55CGU7, STM32WBA55CGU7TR, STM32WBA55G-DK1, STM32WBA55HEF6, STM32WBA55HEF7, STM32WBA55HGF6, STM32WBA55HGF7, STM32WBA55UEI6, STM32WBA55UEI6TR, STM32WBA55UEI7, STM32WBA55UEI7TR, STM32WBA55UGI6, STM32WBA55UGI6TR, STM32WBA55UGI7, STM32WBA55UGI7TR, STM32WL5MOCH6, STM32WL5MOCH6TR]
2024-08-09 16:24:29,399 [INFO] DbMcus:218 - Found 4203 MCUs, 4203 are supported
2024-08-09 16:24:29,400 [INFO] ApiDb:423 - Load user favorites file /home/chris/.stm32cubeide/favorites.mcus.txt: 0 item(s)
2024-08-09 16:24:29,400 [INFO] ApiDb:427 - User favorites MCUs=[]
2024-08-09 16:24:29,400 [INFO] DbMcus:224 - Set 0 / 0 favorites MCUs
2024-08-09 16:24:29,610 [INFO] ApiDb:668 - CubeFinder database Data Model version=2.1
2024-08-09 16:24:29,610 [INFO] ApiDb:669 - CubeFinder database Configuration version=3.0.39
2024-08-09 16:24:29,610 [INFO] ApiDb:670 - CubeFinder database generation date=2024-06-20 (1718880634)
2024-08-09 16:24:29,610 [INFO] ApiDb:671 - CubeFinder database FW Pack versions=[FP-ATR-ASTRA1_V2.0.0, FP-SNS-FLIGHT1_V5.0.2, FP-SNS-MOTENV1_V5.0.0, FP-SNS-MOTENVWB1_V1.4.0, FP-SNS-SMARTAG2_V1.2.0, STM32Cube_FW_C0_V1.2.0, STM32Cube_FW_F4_V1.28.0, STM32Cube_FW_F7_V1.17.2, STM32Cube_FW_G0_V1.6.2, STM32Cube_FW_G4_V1.6.0, STM32Cube_FW_H5_V1.3.0, STM32Cube_FW_H7RS_V1.1.0, STM32Cube_FW_H7_V1.11.2, STM32Cube_FW_L0_V1.12.2, STM32Cube_FW_L5_V1.5.1, STM32Cube_FW_U0_V1.1.0, STM32Cube_FW_U5_V1.6.0, STM32Cube_FW_WB0_V1.0.0, STM32Cube_FW_WBA_V1.4.0, STM32Cube_FW_WB_V1.20.0, STM32Cube_FW_WL_V1.3.0, X-CUBE-ALGOBUILD_V1.4.0, X-CUBE-ALS_V1.0.2, X-CUBE-AZRTOS-F4_V1.1.0, X-CUBE-AZRTOS-F7_V1.1.0, X-CUBE-AZRTOS-G0_V1.1.0, X-CUBE-AZRTOS-G4_V2.0.0, X-CUBE-AZRTOS-H7RS_V1.0.0, X-CUBE-AZRTOS-H7_V3.2.0, X-CUBE-AZRTOS-L4_V2.0.0, X-CUBE-AZRTOS-L5_V1.1.0, X-CUBE-AZRTOS-WB_V2.0.0, X-CUBE-AZRTOS-WL_V2.0.0, X-CUBE-BLE1_V7.0.0, X-CUBE-BLE2_V3.3.0, X-CUBE-BLEMGR_V3.1.0, X-CUBE-EEPRMA1_V5.1.0, X-CUBE-FREERTOS_V1.2.0, X-CUBE-GNSS1_V6.0.0, X-CUBE-MEMS1_V10.0.0, X-CUBE-NFC4_V3.0.0, X-CUBE-NFC7_V1.0.1, X-CUBE-SFXS2LP1_V4.0.0, X-CUBE-SUBG2_V5.0.0, X-CUBE-TOF1_V3.4.1]
2024-08-09 16:24:29,641 [INFO] DbBoardsSqlite:226 - include board P-NUCLEO-WB55-NUCLEO as a kit item of type 'Nucleo-64'
2024-08-09 16:24:29,642 [INFO] DbBoardsSqlite:226 - include board P-NUCLEO-WB55-USBDONGLE as a kit item of type 'Nucleo USB Dongle'
2024-08-09 16:24:29,642 [INFO] DbBoardsSqlite:226 - include board STEVAL-IDP005V1 as a kit item of type 'Evaluation Board'
2024-08-09 16:24:29,642 [INFO] DbBoardsSqlite:226 - include board STEVAL-IDP005V2 as a kit item of type 'Evaluation Board'
2024-08-09 16:24:29,665 [INFO] ApiDb:240 - Found 371 in-development CPN: [B-G473E-ZEST1S, B-WB1M-WPAN1, B-WL5M-SUBG1, NUCLEO-C031C6, NUCLEO-H503RB, NUCLEO-H563ZI, NUCLEO-U545RE-Q, NUCLEO-U5A5ZJ-Q, NUCLEO-WBA52CG, NUCLEO-WBA55CG, STEVAL-MKBOXPRO, STEVAL-PROTEUS1, STEVAL-STWINBX1, STM320518-EVAL, STM32C0116-DK, STM32C011D6Y3TR, STM32C011D6Y6TR, STM32C011F4P3, STM32C011F4P6, STM32C011F4U3, STM32C011F4U6TR, STM32C011F6P3, STM32C011F6P6, STM32C011F6U3, STM32C011F6U6TR, STM32C011J4M3, STM32C011J4M6, STM32C011J6M3, STM32C011J6M6, STM32C0316-DK, STM32C031C4T3, STM32C031C4T6, STM32C031C4U3, STM32C031C4U6, STM32C031C6T3, STM32C031C6T6, STM32C031C6U3, STM32C031C6U6, STM32C031F4P3, STM32C031F4P6, STM32C031F6P3, STM32C031F6P6, STM32C031G4U3, STM32C031G4U6, STM32C031G6U3, STM32C031G6U6, STM32C031K4T3, STM32C031K4T6, STM32C031K4U3, STM32C031K4U6, STM32C031K6T3, STM32C031K6T6, STM32C031K6U3, STM32C031K6U6, STM32G071K8TXN, STM32G071K8UXN, STM32G081GBU6N, STM32G081KBT6N, STM32G081KBUXN, STM32G0B1CCT6N, STM32G0B1KCT6, STM32G0B1NEY6TR, STM32G0B1RCT6N, STM32G0C1CCT6, STM32G0C1CCT6N, STM32G0C1CCU6N, STM32G0C1CET6N, STM32G0C1CEU6N, STM32G0C1KCT6, STM32G0C1NEY6TR, STM32G0C1RCI6N, STM32G0C1RCT6N, STM32G0C1REI6N, STM32G0C1RET6N, STM32G0C1VCI6, STM32G0C1VEI6, STM32G471CCT6, STM32G471CCU6, STM32G471CET3, STM32G471CET6, STM32G471CEU3, STM32G471CEU6, STM32G471MCT6, STM32G471MET3, STM32G471MET6, STM32G471MEY6TR, STM32G471QCT6, STM32G471QET3, STM32G471RCT6, STM32G471RET3, STM32G471RET6, STM32G471VCH6, STM32G471VCI6, STM32G471VCT6, STM32G471VEH3, STM32G471VEH6, STM32G471VEI3, STM32G471VEI6, STM32G471VET3, STM32G471VET6, STM32G474CCT6, STM32H503CBT6, STM32H503CBU6, STM32H503EBY6TR, STM32H503KBU6, STM32H503RBT6, STM32H562AGI6, STM32H562AII6, STM32H562IGK6, STM32H562IGT6, STM32H562IIK6, STM32H562IIT6, STM32H562RGT6, STM32H562RGV6, STM32H562RIT6, STM32H562RIV6, STM32H562VGT6, STM32H562VIT6, STM32H562ZGT6, STM32H562ZIT6, STM32H563AGI6, STM32H563AII3Q, STM32H563AII6, STM32H563IGK6, STM32H563IGT6, STM32H563IIK3Q, STM32H563IIK6, STM32H563IIT3Q, STM32H563IIT6, STM32H563MIY3QTR, STM32H563RGT6, STM32H563RGV6, STM32H563RIT6, STM32H563RIV6, STM32H563VGT6, STM32H563VIT3Q, STM32H563VIT6, STM32H563ZGT6, STM32H563ZIT3Q, STM32H563ZIT6, STM32H573AII3Q, STM32H573AII6, STM32H573I-DK, STM32H573IIK3Q, STM32H573IIK6, STM32H573IIT3Q, STM32H573IIT6, STM32H573MIY3QTR, STM32H573RIT6, STM32H573RIV6, STM32H573VIT3Q, STM32H573VIT6, STM32H573ZIT3Q, STM32H573ZIT6, STM32L4R5QGI6STR, STM32MP131AAE3, STM32MP131AAF3, STM32MP131AAG3, STM32MP131CAE3, STM32MP131CAF3, STM32MP131CAG3, STM32MP131DAE7, STM32MP131DAF7, STM32MP131DAG7, STM32MP131FAE7, STM32MP131FAF7, STM32MP131FAG7, STM32MP133AAE3, STM32MP133AAF3, STM32MP133AAG3, STM32MP133CAE3, STM32MP133CAF3, STM32MP133CAG3, STM32MP133DAE7, STM32MP133DAF7, STM32MP133DAG7, STM32MP133FAE7, STM32MP133FAF7, STM32MP133FAG7, STM32MP135AAE3, STM32MP135AAF3, STM32MP135AAG3, STM32MP135CAE3, STM32MP135CAF3, STM32MP135CAG3, STM32MP135DAE7, STM32MP135DAF7, STM32MP135DAG7, STM32MP135F-DK, STM32MP135FAE7, STM32MP135FAF7, STM32MP135FAF7T, STM32MP135FAF7U, STM32MP135FAG7, STM32U535CBT6, STM32U535CBT6Q, STM32U535CBU6, STM32U535CBU6Q, STM32U535CCT6, STM32U535CCT6Q, STM32U535CCU6, STM32U535CCU6Q, STM32U535CET6, STM32U535CET6Q, STM32U535CEU6, STM32U535CEU6Q, STM32U535JEY6QTR, STM32U535NCY6QTR, STM32U535NEY6QTR, STM32U535RBI6, STM32U535RBI6Q, STM32U535RBT6, STM32U535RBT6Q, STM32U535RCI6, STM32U535RCI6Q, STM32U535RCT6, STM32U535RCT6Q, STM32U535REI6, STM32U535REI6Q, STM32U535RET6, STM32U535RET6Q, STM32U535VCI6, STM32U535VCI6Q, STM32U535VCT6, STM32U535VCT6Q, STM32U535VEI6, STM32U535VEI6Q, STM32U535VET6, STM32U535VET6Q, STM32U545CET6, STM32U545CET6Q, STM32U545CEU6, STM32U545CEU6Q, STM32U545JEY6QTR, STM32U545NEY6QTR, STM32U545REI6, STM32U545REI6Q, STM32U545RET6, STM32U545RET6Q, STM32U545VEI6, STM32U545VEI6Q, STM32U545VET6, STM32U545VET6Q, STM32U595AIH6, STM32U595AIH6Q, STM32U595AJH6, STM32U595AJH6Q, STM32U595QII6, STM32U595QII6Q, STM32U595QJI6, STM32U595QJI6Q, STM32U595RIT6, STM32U595RIT6Q, STM32U595RJT6, STM32U595RJT6Q, STM32U595VIT6, STM32U595VIT6Q, STM32U595VJT6, STM32U595VJT6Q, STM32U595ZIT6, STM32U595ZIT6Q, STM32U595ZIY6QTR, STM32U595ZJT6, STM32U595ZJT6Q, STM32U595ZJY6QTR, STM32U599BJY6QTR, STM32U599NIH6Q, STM32U599NJH6Q, STM32U599VIT6Q, STM32U599VJT6, STM32U599VJT6Q, STM32U599ZIT6Q, STM32U599ZIY6QTR, STM32U599ZJT6Q, STM32U599ZJY6QTR, STM32U5A5AJH6, STM32U5A5AJH6Q, STM32U5A5QJI6, STM32U5A5QJI6Q, STM32U5A5RJT6, STM32U5A5RJT6Q, STM32U5A5VJT6, STM32U5A5VJT6Q, STM32U5A5ZJT6, STM32U5A5ZJT6Q, STM32U5A5ZJY6QTR, STM32U5A9BJY6QTR, STM32U5A9J-DK, STM32U5A9NJH6Q, STM32U5A9VJT6Q, STM32U5A9ZJT6Q, STM32U5A9ZJY6QTR, STM32U5F7VIT6, STM32U5F7VIT6Q, STM32U5F7VJT6, STM32U5F7VJT6Q, STM32U5F9BJY6QTR, STM32U5F9NJH6Q, STM32U5F9VIT6Q, STM32U5F9VJT6Q, STM32U5F9ZIJ6QTR, STM32U5F9ZIT6Q, STM32U5F9ZJJ6QTR, STM32U5F9ZJT6Q, STM32U5G7VJT6, STM32U5G7VJT6Q, STM32U5G9BJY6QTR, STM32U5G9J-DK1, STM32U5G9J-DK2, STM32U5G9NJH6Q, STM32U5G9VJT6Q, STM32U5G9ZJJ6QTR, STM32U5G9ZJT6Q, STM32WB1MMCH6, STM32WBA50KEU6, STM32WBA50KEU6TR, STM32WBA50KGU6, STM32WBA50KGU6TR, STM32WBA52CEU6, STM32WBA52CEU6TR, STM32WBA52CEU7, STM32WBA52CEU7TR, STM32WBA52CGU6, STM32WBA52CGU6TR, STM32WBA52CGU6U, STM32WBA52CGU7, STM32WBA52CGU7TR, STM32WBA52KEU6, STM32WBA52KEU6TR, STM32WBA52KGU6, STM32WBA52KGU6TR, STM32WBA54CEU6, STM32WBA54CEU6TR, STM32WBA54CEU7, STM32WBA54CEU7TR, STM32WBA54CGU6, STM32WBA54CGU6TR, STM32WBA54CGU7, STM32WBA54CGU7TR, STM32WBA54KEU6, STM32WBA54KEU6TR, STM32WBA54KEU7, STM32WBA54KEU7TR, STM32WBA54KGU6, STM32WBA54KGU6TR, STM32WBA54KGU7, STM32WBA54KGU7TR, STM32WBA55CEU6, STM32WBA55CEU6TR, STM32WBA55CEU7, STM32WBA55CEU7TR, STM32WBA55CGU6, STM32WBA55CGU6TR, STM32WBA55CGU6U, STM32WBA55CGU7, STM32WBA55CGU7TR, STM32WBA55G-DK1, STM32WBA55HEF6, STM32WBA55HEF7, STM32WBA55HGF6, STM32WBA55HGF7, STM32WBA55UEI6, STM32WBA55UEI6TR, STM32WBA55UEI7, STM32WBA55UEI7TR, STM32WBA55UGI6, STM32WBA55UGI6TR, STM32WBA55UGI7, STM32WBA55UGI7TR, STM32WL5MOCH6, STM32WL5MOCH6TR]
2024-08-09 16:24:29,710 [INFO] BoardInfo:889 - No configuration file found for board NUCLEO-H533RE
2024-08-09 16:24:29,711 [INFO] DbBoards:161 - Board is not supported: NUCLEO-H533RE
2024-08-09 16:24:29,718 [INFO] BoardInfo:889 - No configuration file found for board NUCLEO-H7S3L8
2024-08-09 16:24:29,718 [INFO] DbBoards:161 - Board is not supported: NUCLEO-H7S3L8
2024-08-09 16:24:29,734 [INFO] BoardInfo:889 - No configuration file found for board NUCLEO-U031R8
2024-08-09 16:24:29,734 [INFO] DbBoards:161 - Board is not supported: NUCLEO-U031R8
2024-08-09 16:24:29,735 [INFO] BoardInfo:889 - No configuration file found for board NUCLEO-U083RC
2024-08-09 16:24:29,735 [INFO] DbBoards:161 - Board is not supported: NUCLEO-U083RC
2024-08-09 16:24:29,745 [INFO] BoardInfo:889 - No configuration file found for board P-NUCLEO-WB55
2024-08-09 16:24:29,745 [INFO] DbBoards:161 - Kit is not supported: P-NUCLEO-WB55
2024-08-09 16:24:29,748 [INFO] BoardInfo:889 - No configuration file found for board STEVAL-BFA001V1B
2024-08-09 16:24:29,748 [INFO] DbBoards:161 - Kit is not supported: STEVAL-BFA001V1B
2024-08-09 16:24:29,749 [INFO] BoardInfo:889 - No configuration file found for board STEVAL-BFA001V2B
2024-08-09 16:24:29,749 [INFO] DbBoards:161 - Kit is not supported: STEVAL-BFA001V2B
2024-08-09 16:24:29,797 [INFO] BoardInfo:889 - No configuration file found for board STM32H7S78-DK
2024-08-09 16:24:29,797 [INFO] DbBoards:161 - Board is not supported: STM32H7S78-DK
2024-08-09 16:24:29,808 [INFO] BoardInfo:889 - No configuration file found for board STM32U083C-DK
2024-08-09 16:24:29,808 [INFO] DbBoards:161 - Board is not supported: STM32U083C-DK
2024-08-09 16:24:29,812 [INFO] DbBoards:168 - Found 195 boards, 186 are supported
2024-08-09 16:24:29,812 [INFO] DbBoards:169 - Found 195 boards, 3 of them is supported for  Bsp
2024-08-09 16:24:29,814 [INFO] ApiDb:423 - Load user favorites file /home/chris/.stm32cubeide/favorites.boards.txt: 0 item(s)
2024-08-09 16:24:29,814 [INFO] ApiDb:427 - User favorites Boards=[]
2024-08-09 16:24:29,814 [INFO] DbBoards:198 - Set 0 / 0 favorites Boards
2024-08-09 16:24:29,816 [INFO] ApiDb:668 - CubeFinder database Data Model version=2.1
2024-08-09 16:24:29,816 [INFO] ApiDb:669 - CubeFinder database Configuration version=3.0.39
2024-08-09 16:24:29,816 [INFO] ApiDb:670 - CubeFinder database generation date=2024-06-20 (1718880634)
2024-08-09 16:24:29,816 [INFO] ApiDb:671 - CubeFinder database FW Pack versions=[FP-ATR-ASTRA1_V2.0.0, FP-SNS-FLIGHT1_V5.0.2, FP-SNS-MOTENV1_V5.0.0, FP-SNS-MOTENVWB1_V1.4.0, FP-SNS-SMARTAG2_V1.2.0, STM32Cube_FW_C0_V1.2.0, STM32Cube_FW_F4_V1.28.0, STM32Cube_FW_F7_V1.17.2, STM32Cube_FW_G0_V1.6.2, STM32Cube_FW_G4_V1.6.0, STM32Cube_FW_H5_V1.3.0, STM32Cube_FW_H7RS_V1.1.0, STM32Cube_FW_H7_V1.11.2, STM32Cube_FW_L0_V1.12.2, STM32Cube_FW_L5_V1.5.1, STM32Cube_FW_U0_V1.1.0, STM32Cube_FW_U5_V1.6.0, STM32Cube_FW_WB0_V1.0.0, STM32Cube_FW_WBA_V1.4.0, STM32Cube_FW_WB_V1.20.0, STM32Cube_FW_WL_V1.3.0, X-CUBE-ALGOBUILD_V1.4.0, X-CUBE-ALS_V1.0.2, X-CUBE-AZRTOS-F4_V1.1.0, X-CUBE-AZRTOS-F7_V1.1.0, X-CUBE-AZRTOS-G0_V1.1.0, X-CUBE-AZRTOS-G4_V2.0.0, X-CUBE-AZRTOS-H7RS_V1.0.0, X-CUBE-AZRTOS-H7_V3.2.0, X-CUBE-AZRTOS-L4_V2.0.0, X-CUBE-AZRTOS-L5_V1.1.0, X-CUBE-AZRTOS-WB_V2.0.0, X-CUBE-AZRTOS-WL_V2.0.0, X-CUBE-BLE1_V7.0.0, X-CUBE-BLE2_V3.3.0, X-CUBE-BLEMGR_V3.1.0, X-CUBE-EEPRMA1_V5.1.0, X-CUBE-FREERTOS_V1.2.0, X-CUBE-GNSS1_V6.0.0, X-CUBE-MEMS1_V10.0.0, X-CUBE-NFC4_V3.0.0, X-CUBE-NFC7_V1.0.1, X-CUBE-SFXS2LP1_V4.0.0, X-CUBE-SUBG2_V5.0.0, X-CUBE-TOF1_V3.4.1]
2024-08-09 16:24:30,236 [ERROR] DbExamplesSqlite:437 - Missing JSON key: board_cpn
2024-08-09 16:24:30,236 [ERROR] DbExamplesSqlite:437 - Missing JSON key: board_cpn
2024-08-09 16:24:30,236 [ERROR] DbExamplesSqlite:437 - Missing JSON key: board_cpn
2024-08-09 16:24:30,237 [ERROR] DbExamplesSqlite:437 - Missing JSON key: board_cpn
2024-08-09 16:24:30,314 [INFO] DbExamplesSqlite:395 - Ignored 28 examples not supported by CubeIDE
2024-08-09 16:24:30,314 [INFO] DbExamplesSqlite:396 - Found 8590 examples active
2024-08-09 16:24:30,314 [INFO] DbExamplesSqlite:397 - Found 0 examples obsolete
2024-08-09 16:24:30,315 [INFO] DbExamplesSqlite:398 - Found 0 examples under development
2024-08-09 16:24:30,315 [INFO] DbExamplesSqlite:399 - Found 10 examples not building
2024-08-09 16:24:30,317 [INFO] DbExamples:125 - Found 8572 examples
2024-08-09 16:24:30,361 [ERROR] DbExamples:208 - Found 308 examples with invalid data (board or MCU)
2024-08-09 16:24:30,362 [INFO] DbExamples:222 - Found 102 boards with related examples
2024-08-09 16:24:30,362 [INFO] DbExamples:235 - Found 86 MCUs with related examples
2024-08-09 16:24:30,383 [INFO] ApiDb:414 - User favorites file not found: /home/chris/.stm32cubeide/favorites.examples.txt
2024-08-09 16:24:30,383 [INFO] DbExamples:250 - Set 0 / 0 favorites Examples
2024-08-09 16:24:30,497 [INFO] McuFinderGlobals:76 - Set McuFinderConnectedMode to true
2024-08-09 16:24:30,501 [INFO] MultiScanPanel:200 - Auto-refresh data requested => check proxy status ongoing
2024-08-09 16:24:30,503 [INFO] FinderPluginLoader:95 - Searching for filters in installed packs
2024-08-09 16:24:31,338 [INFO] LoadUrlFilesThread:185 - End of LoadServerUrlFiles without Thread
2024-08-09 16:24:31,380 [INFO] DetailPanel:341 - Set advertising image to /home/chris/STM32Cube/Repository//en.prom-stm32h7rs-mcu-finder.jpg
2024-08-09 16:24:32,265 [ERROR] LogOutputStream:75 - [STDERR_REDIRECT] SLF4J: Failed to load class "org.slf4j.impl.StaticLoggerBinder".
2024-08-09 16:24:32,265 [ERROR] LogOutputStream:75 - [STDERR_REDIRECT] SLF4J: Defaulting to no-operation (NOP) logger implementation
2024-08-09 16:24:32,266 [ERROR] LogOutputStream:75 - [STDERR_REDIRECT] SLF4J: See http://www.slf4j.org/codes.html#StaticLoggerBinder for further details.
2024-08-09 16:24:42,691 [INFO] McuFinderGlobals:76 - Set McuFinderConnectedMode to true
2024-08-09 16:24:43,030 [INFO] ApiDb:448 - Save user favorites file /home/chris/.stm32cubeide/favorites.mcus.txt: 0 item(s)
2024-08-09 16:24:43,030 [INFO] ApiDb:452 - User favorites MCUs=[]
2024-08-09 16:25:57,797 [ERROR] LogOutputStream:75 - [STDERR_REDIRECT] 
