2024-09-29 14:57:28,769 [INFO] Activator:176 - 


2024-09-29 14:57:28,781 [INFO] Activator:177 - !SESSION log4j initialized
2024-09-29 14:57:42,295 [INFO] LogOutputStream:77 - [STDOUT_REDIRECT] 
2024-09-29 14:57:46,601 [INFO] ApplicationProperties:184 - Using Application install path: C:\ST\STM32CubeIDE_1.13.2\STM32CubeIDE\plugins\com.st.stm32cube.common.mx_6.12.1.202409122256
2024-09-29 14:57:46,660 [INFO] DbMcusXml:78 - Set database path to: C:\ST\STM32CubeIDE_1.13.2\STM32CubeIDE\plugins\com.st.stm32cube.common.mx_6.12.1.202409122256\\db\/mcu/
2024-09-29 14:57:46,662 [INFO] ApiDb:274 - Set plugin database path to: C:\ST\STM32CubeIDE_1.13.2\STM32CubeIDE\plugins\com.st.stm32cube.common.mx_6.12.1.202409122256\\db\/plugins/boardmanager/
2024-09-29 14:57:46,663 [WARN] ApiDb:259 - Overriding images path with different value:  => C:\ST\STM32CubeIDE_1.13.2\STM32CubeIDE\plugins\com.st.stm32cube.common.mx_6.12.1.202409122256\\db\/plugins/mcufinder/images/
2024-09-29 14:57:46,714 [INFO] ApiDb:250 - Set database path to: C:\Users\korbi\.stmcufinder\plugins\mcufinder//mcu/
2024-09-29 14:57:46,718 [INFO] DbMcusAds:125 - Set database path to: C:\Users\korbi\.stmcufinder\plugins\mcufinder//mcu/
2024-09-29 14:57:46,729 [INFO] CrossReferenceDbSqlite:203 - Set database path to: C:\Users\korbi\.stmcufinder\plugins\mcufinder//mcu/cs/
2024-09-29 14:57:47,129 [INFO] RulesReader:64 - Compatibility file has been processed (297 Rules)
2024-09-29 14:57:47,501 [INFO] DbMcusXml:78 - Set database path to: C:\ST\STM32CubeIDE_1.13.2\STM32CubeIDE\plugins\com.st.stm32cube.common.mx_6.12.1.202409122256\\db\/mcu/
2024-09-29 14:57:47,501 [INFO] ApiDb:274 - Set plugin database path to: C:\ST\STM32CubeIDE_1.13.2\STM32CubeIDE\plugins\com.st.stm32cube.common.mx_6.12.1.202409122256\\db\/plugins/boardmanager/
2024-09-29 14:57:47,504 [INFO] ApiDb:261 - Set plugin images path to: C:\ST\STM32CubeIDE_1.13.2\STM32CubeIDE\plugins\com.st.stm32cube.common.mx_6.12.1.202409122256\\db\/plugins/mcufinder/images/
2024-09-29 14:57:47,507 [WARN] DbFile:41 - Overriding database path with different value: C:\Users\korbi\.stmcufinder\plugins\mcufinder/ => C:\Users\korbi\.stmcufinder\plugins\mcufinder
2024-09-29 14:57:47,509 [INFO] ApiDb:250 - Set database path to: C:\Users\korbi\.stmcufinder\plugins\mcufinder//mcu/
2024-09-29 14:57:47,509 [WARN] DbFile:41 - Overriding database path with different value: C:\Users\korbi\.stmcufinder\plugins\mcufinder/ => C:\Users\korbi\.stmcufinder\plugins\mcufinder
2024-09-29 14:57:47,509 [INFO] DbMcusAds:125 - Set database path to: C:\Users\korbi\.stmcufinder\plugins\mcufinder//mcu/
2024-09-29 14:57:47,510 [WARN] DbFile:41 - Overriding database path with different value: C:\Users\korbi\.stmcufinder\plugins\mcufinder/ => C:\Users\korbi\.stmcufinder\plugins\mcufinder
2024-09-29 14:57:47,510 [WARN] DbFile:41 - Overriding database path with different value: C:\Users\korbi\.stmcufinder\plugins\mcufinder/ => C:\Users\korbi\.stmcufinder\plugins\mcufinder
2024-09-29 14:57:47,511 [INFO] CrossReferenceDbSqlite:203 - Set database path to: C:\Users\korbi\.stmcufinder\plugins\mcufinder//mcu/cs/
2024-09-29 14:57:48,185 [INFO] MainPanel:268 - HeapMemory: 268435456
2024-09-29 14:57:48,720 [INFO] DbMcusXml:78 - Set database path to: C:\ST\STM32CubeIDE_1.13.2\STM32CubeIDE\plugins\com.st.stm32cube.common.mx_6.12.1.202409122256\\db\/mcu/
2024-09-29 14:57:48,722 [INFO] ApiDb:274 - Set plugin database path to: C:\ST\STM32CubeIDE_1.13.2\STM32CubeIDE\plugins\com.st.stm32cube.common.mx_6.12.1.202409122256\\db\/plugins/boardmanager/
2024-09-29 14:57:48,723 [INFO] ApiDb:261 - Set plugin images path to: C:\ST\STM32CubeIDE_1.13.2\STM32CubeIDE\plugins\com.st.stm32cube.common.mx_6.12.1.202409122256\\db\/plugins/mcufinder/images/
2024-09-29 14:57:48,724 [WARN] DbFile:41 - Overriding database path with different value: C:\Users\korbi\.stmcufinder\plugins\mcufinder/ => C:\Users\korbi\.stmcufinder\plugins\mcufinder
2024-09-29 14:57:48,724 [INFO] ApiDb:250 - Set database path to: C:\Users\korbi\.stmcufinder\plugins\mcufinder//mcu/
2024-09-29 14:57:48,725 [WARN] DbFile:41 - Overriding database path with different value: C:\Users\korbi\.stmcufinder\plugins\mcufinder/ => C:\Users\korbi\.stmcufinder\plugins\mcufinder
2024-09-29 14:57:48,725 [INFO] DbMcusAds:125 - Set database path to: C:\Users\korbi\.stmcufinder\plugins\mcufinder//mcu/
2024-09-29 14:57:48,726 [WARN] DbFile:41 - Overriding database path with different value: C:\Users\korbi\.stmcufinder\plugins\mcufinder/ => C:\Users\korbi\.stmcufinder\plugins\mcufinder
2024-09-29 14:57:48,726 [WARN] DbFile:41 - Overriding database path with different value: C:\Users\korbi\.stmcufinder\plugins\mcufinder/ => C:\Users\korbi\.stmcufinder\plugins\mcufinder
2024-09-29 14:57:48,727 [INFO] CrossReferenceDbSqlite:203 - Set database path to: C:\Users\korbi\.stmcufinder\plugins\mcufinder//mcu/cs/
2024-09-29 14:57:48,801 [INFO] ApplicationProperties:184 - Using Application install path: C:\ST\STM32CubeIDE_1.13.2\STM32CubeIDE\plugins\com.st.stm32cube.common.mx_6.12.1.202409122256
2024-09-29 14:57:48,807 [INFO] PluginManage:196 - Search for loadable plugins [exclusion list=, ]
2024-09-29 14:57:48,813 [INFO] PluginManage:310 - Check plugin analytics
2024-09-29 14:57:49,439 [INFO] AnalyticsPlugin:253 - Accepted Software Licenses: STM32CubeMX.6.12.0
2024-09-29 14:57:49,439 [INFO] AnalyticsPlugin:255 - Accepted CMSIS Pack Licenses: STMicroelectronics.X-CUBE-AZRTOS-H7.3.3.0
2024-09-29 14:57:49,440 [INFO] AnalyticsPlugin:257 - Accepted Firmware Licenses: FW.H7.1.11.0
2024-09-29 14:57:49,453 [INFO] PluginManage:359 - Loaded plugin analytics (category:tool,tabindex:-1)
2024-09-29 14:57:49,455 [INFO] PluginManage:310 - Check plugin cadmodel
2024-09-29 14:57:49,474 [INFO] CADModel:105 - Init CAD model plugin
2024-09-29 14:57:49,474 [INFO] PluginManage:359 - Loaded plugin cadmodel (category:power,tabindex:5)
2024-09-29 14:57:49,475 [INFO] PluginManage:310 - Check plugin clock
2024-09-29 14:57:49,517 [INFO] PluginManage:359 - Loaded plugin clock (category:base,tabindex:2)
2024-09-29 14:57:49,518 [INFO] PluginManage:310 - Check plugin ddr
2024-09-29 14:57:49,536 [INFO] PluginManage:359 - Loaded plugin ddr (category:tool,tabindex:6)
2024-09-29 14:57:49,537 [INFO] PluginManage:310 - Check plugin filemanager
2024-09-29 14:57:50,269 [INFO] PluginManage:359 - Loaded plugin filemanager (category:base,tabindex:10)
2024-09-29 14:57:50,270 [INFO] PluginManage:310 - Check plugin ipmanager
2024-09-29 14:57:50,297 [INFO] PluginManage:359 - Loaded plugin ipmanager (category:base,tabindex:5)
2024-09-29 14:57:50,298 [INFO] PluginManage:310 - Check plugin lpbam
2024-09-29 14:57:50,336 [INFO] PluginManage:359 - Loaded plugin lpbam (category:base,tabindex:0)
2024-09-29 14:57:50,337 [INFO] PluginManage:310 - Check plugin memorymap
2024-09-29 14:57:50,408 [INFO] PluginManage:359 - Loaded plugin memorymap (category:base,tabindex:4)
2024-09-29 14:57:50,409 [INFO] PluginManage:310 - Check plugin pinoutandconfiguration
2024-09-29 14:57:50,456 [INFO] PluginManage:359 - Loaded plugin pinoutandconfiguration (category:base,tabindex:1)
2024-09-29 14:57:50,456 [INFO] PluginManage:310 - Check plugin pinoutconfig
2024-09-29 14:57:50,926 [WARN] SupportedApi:132 - Cannot load RTOS API schema: s4s-elt-must-match.1: The content of 'definitions' must match (annotation?, (simpleType | complexType)?, (unique | key | keyref)*)). A problem was found starting at: attribute.
2024-09-29 14:57:51,786 [INFO] PluginManage:359 - Loaded plugin pinoutconfig (category:base,tabindex:0)
2024-09-29 14:57:51,787 [INFO] PluginManage:310 - Check plugin power
2024-09-29 14:57:51,831 [INFO] PluginManage:359 - Loaded plugin power (category:power,tabindex:4)
2024-09-29 14:57:51,832 [INFO] PluginManage:310 - Check plugin projectmanager
2024-09-29 14:57:51,921 [INFO] PluginManage:359 - Loaded plugin projectmanager (category:projectmanager,tabindex:4)
2024-09-29 14:57:51,922 [INFO] PluginManage:310 - Check plugin rif
2024-09-29 14:57:51,955 [INFO] PluginManage:359 - Loaded plugin rif (category:base,tabindex:3)
2024-09-29 14:57:51,957 [INFO] PluginManage:310 - Check plugin thirdparty
2024-09-29 14:57:52,708 [INFO] PluginManage:359 - Loaded plugin thirdparty (category:base,tabindex:-1)
2024-09-29 14:57:52,710 [INFO] PluginManage:310 - Check plugin tools
2024-09-29 14:57:52,710 [WARN] IntegrityCheckThread:84 - waiting for thirdparty lock release [integrity check]
2024-09-29 14:57:52,711 [INFO] IntegrityCheckThread:86 - entering critical section [integrity check]
2024-09-29 14:57:52,713 [INFO] ThirdPartyUpdaterWithRetryManager:70 - Updater plugin not ready yet. [1/15]
2024-09-29 14:57:52,724 [INFO] PluginManage:359 - Loaded plugin tools (category:base,tabindex:7)
2024-09-29 14:57:52,726 [INFO] PluginManage:310 - Check plugin tutovideos
2024-09-29 14:57:53,690 [INFO] PluginManage:359 - Loaded plugin tutovideos (category:base,tabindex:-1)
2024-09-29 14:57:53,691 [INFO] PluginManage:310 - Check plugin updater
2024-09-29 14:57:53,762 [INFO] PluginManage:359 - Loaded plugin updater (category:base,tabindex:12)
2024-09-29 14:57:53,762 [INFO] PluginManage:310 - Check plugin userauth
2024-09-29 14:57:53,789 [INFO] UserAuth:113 - Init User Auth plugin
2024-09-29 14:57:53,790 [INFO] PluginManage:359 - Loaded plugin userauth (category:base,tabindex:14)
2024-09-29 14:57:53,791 [INFO] PluginManage:283 - PluginManage : Loaded plugins [18]
2024-09-29 14:57:55,173 [INFO] PinOutPanel:1561 - setPackage(No Configuration,No Configuration)
2024-09-29 14:57:55,717 [INFO] ThirdPartyUpdaterWithRetryManager:70 - Updater plugin not ready yet. [2/15]
2024-09-29 14:57:55,723 [INFO] CADModel:165 - CPN selected for project level
2024-09-29 14:57:55,723 [INFO] CADModel:114 - Register for checkConnection events
2024-09-29 14:57:55,982 [INFO] IPUIPlugin:80 - create IPUIPlugin
2024-09-29 14:57:55,983 [INFO] PluginManager:220 - loadIPPluginJar : add adc
2024-09-29 14:57:56,005 [INFO] IPUIPlugin:80 - create IPUIPlugin
2024-09-29 14:57:56,005 [INFO] PluginManager:220 - loadIPPluginJar : add aes
2024-09-29 14:57:56,036 [INFO] IPUIPlugin:80 - create IPUIPlugin
2024-09-29 14:57:56,037 [INFO] PluginManager:220 - loadIPPluginJar : add can
2024-09-29 14:57:56,063 [INFO] IPUIPlugin:80 - create IPUIPlugin
2024-09-29 14:57:56,064 [INFO] PluginManager:220 - loadIPPluginJar : add comp
2024-09-29 14:57:56,114 [INFO] IPUIPlugin:80 - create IPUIPlugin
2024-09-29 14:57:56,114 [INFO] PluginManager:220 - loadIPPluginJar : add cryp
2024-09-29 14:57:56,177 [INFO] IPUIPlugin:80 - create IPUIPlugin
2024-09-29 14:57:56,177 [INFO] PluginManager:220 - loadIPPluginJar : add ddr_ctrl_phy
2024-09-29 14:57:56,213 [INFO] IPUIPlugin:80 - create IPUIPlugin
2024-09-29 14:57:56,213 [INFO] PluginManager:220 - loadIPPluginJar : add dfsdm
2024-09-29 14:57:56,296 [INFO] IPUIPlugin:80 - create IPUIPlugin
2024-09-29 14:57:56,298 [INFO] PluginManager:220 - loadIPPluginJar : add dma
2024-09-29 14:57:56,335 [INFO] IPUIPlugin:80 - create IPUIPlugin
2024-09-29 14:57:56,335 [INFO] PluginManager:220 - loadIPPluginJar : add dma3
2024-09-29 14:57:56,378 [INFO] IPUIPlugin:80 - create IPUIPlugin
2024-09-29 14:57:56,378 [INFO] PluginManager:220 - loadIPPluginJar : add extmemmanager
2024-09-29 14:57:56,403 [INFO] IPUIPlugin:80 - create IPUIPlugin
2024-09-29 14:57:56,404 [INFO] PluginManager:220 - loadIPPluginJar : add fatfs
2024-09-29 14:57:56,441 [INFO] IPUIPlugin:80 - create IPUIPlugin
2024-09-29 14:57:56,441 [INFO] PluginManager:220 - loadIPPluginJar : add fmc
2024-09-29 14:57:56,472 [INFO] IPUIPlugin:80 - create IPUIPlugin
2024-09-29 14:57:56,472 [INFO] PluginManager:220 - loadIPPluginJar : add freertos
2024-09-29 14:57:56,483 [INFO] IPUIPlugin:80 - create IPUIPlugin
2024-09-29 14:57:56,484 [INFO] PluginManager:220 - loadIPPluginJar : add genericplugin
2024-09-29 14:57:56,552 [INFO] IPUIPlugin:80 - create IPUIPlugin
2024-09-29 14:57:56,552 [INFO] PluginManager:220 - loadIPPluginJar : add gfxmmu
2024-09-29 14:57:56,593 [INFO] IPUIPlugin:80 - create IPUIPlugin
2024-09-29 14:57:56,593 [INFO] PluginManager:220 - loadIPPluginJar : add gic
2024-09-29 14:57:56,644 [INFO] IPUIPlugin:80 - create IPUIPlugin
2024-09-29 14:57:56,644 [INFO] PluginManager:220 - loadIPPluginJar : add gpio
2024-09-29 14:57:56,662 [INFO] IPUIPlugin:80 - create IPUIPlugin
2024-09-29 14:57:56,662 [INFO] PluginManager:220 - loadIPPluginJar : add gtzc
2024-09-29 14:57:56,673 [INFO] IPUIPlugin:80 - create IPUIPlugin
2024-09-29 14:57:56,673 [INFO] PluginManager:220 - loadIPPluginJar : add hash
2024-09-29 14:57:56,696 [INFO] IPUIPlugin:80 - create IPUIPlugin
2024-09-29 14:57:56,696 [INFO] PluginManager:220 - loadIPPluginJar : add i2c
2024-09-29 14:57:56,709 [INFO] IPUIPlugin:80 - create IPUIPlugin
2024-09-29 14:57:56,709 [INFO] PluginManager:220 - loadIPPluginJar : add i2s
2024-09-29 14:57:56,729 [INFO] IPUIPlugin:80 - create IPUIPlugin
2024-09-29 14:57:56,729 [INFO] PluginManager:220 - loadIPPluginJar : add i3c
2024-09-29 14:57:56,747 [INFO] IPUIPlugin:80 - create IPUIPlugin
2024-09-29 14:57:56,747 [INFO] PluginManager:220 - loadIPPluginJar : add ipddr
2024-09-29 14:57:56,805 [INFO] IPUIPlugin:80 - create IPUIPlugin
2024-09-29 14:57:56,805 [INFO] PluginManager:220 - loadIPPluginJar : add linkedlist
2024-09-29 14:57:56,811 [INFO] IPUIPlugin:80 - create IPUIPlugin
2024-09-29 14:57:56,811 [INFO] PluginManager:220 - loadIPPluginJar : add lorawan
2024-09-29 14:57:56,824 [INFO] IPUIPlugin:80 - create IPUIPlugin
2024-09-29 14:57:56,825 [INFO] PluginManager:220 - loadIPPluginJar : add ltdc
2024-09-29 14:57:56,862 [INFO] IPUIPlugin:80 - create IPUIPlugin
2024-09-29 14:57:56,862 [INFO] PluginManager:220 - loadIPPluginJar : add mdma
2024-09-29 14:57:56,894 [INFO] IPUIPlugin:80 - create IPUIPlugin
2024-09-29 14:57:56,894 [INFO] PluginManager:220 - loadIPPluginJar : add nvic
2024-09-29 14:57:56,908 [INFO] IPUIPlugin:80 - create IPUIPlugin
2024-09-29 14:57:56,908 [INFO] PluginManager:220 - loadIPPluginJar : add opamp
2024-09-29 14:57:56,917 [INFO] IPUIPlugin:80 - create IPUIPlugin
2024-09-29 14:57:56,917 [INFO] PluginManager:220 - loadIPPluginJar : add openamp
2024-09-29 14:57:56,939 [INFO] IPUIPlugin:80 - create IPUIPlugin
2024-09-29 14:57:56,939 [INFO] PluginManager:220 - loadIPPluginJar : add pdm2pcm
2024-09-29 14:57:56,980 [INFO] IPUIPlugin:80 - create IPUIPlugin
2024-09-29 14:57:56,988 [INFO] PluginManager:220 - loadIPPluginJar : add plateformsettings
2024-09-29 14:57:56,995 [INFO] IPUIPlugin:80 - create IPUIPlugin
2024-09-29 14:57:56,995 [INFO] PluginManager:220 - loadIPPluginJar : add quadspi
2024-09-29 14:57:57,005 [INFO] IPUIPlugin:80 - create IPUIPlugin
2024-09-29 14:57:57,022 [INFO] PluginManager:220 - loadIPPluginJar : add radio
2024-09-29 14:57:57,036 [INFO] IPUIPlugin:80 - create IPUIPlugin
2024-09-29 14:57:57,036 [INFO] PluginManager:220 - loadIPPluginJar : add resmgrutility
2024-09-29 14:57:57,052 [INFO] IPUIPlugin:80 - create IPUIPlugin
2024-09-29 14:57:57,052 [INFO] PluginManager:220 - loadIPPluginJar : add sai
2024-09-29 14:57:57,063 [INFO] IPUIPlugin:80 - create IPUIPlugin
2024-09-29 14:57:57,063 [INFO] PluginManager:220 - loadIPPluginJar : add spi
2024-09-29 14:57:57,079 [INFO] IPUIPlugin:80 - create IPUIPlugin
2024-09-29 14:57:57,080 [INFO] PluginManager:220 - loadIPPluginJar : add stm32_wpan
2024-09-29 14:57:57,095 [INFO] IPUIPlugin:80 - create IPUIPlugin
2024-09-29 14:57:57,095 [INFO] PluginManager:220 - loadIPPluginJar : add tim
2024-09-29 14:57:57,119 [INFO] IPUIPlugin:80 - create IPUIPlugin
2024-09-29 14:57:57,119 [INFO] PluginManager:220 - loadIPPluginJar : add touchsensing
2024-09-29 14:57:57,136 [INFO] IPUIPlugin:80 - create IPUIPlugin
2024-09-29 14:57:57,136 [INFO] PluginManager:220 - loadIPPluginJar : add tracer_emb
2024-09-29 14:57:57,140 [INFO] IPUIPlugin:80 - create IPUIPlugin
2024-09-29 14:57:57,140 [INFO] PluginManager:220 - loadIPPluginJar : add ts
2024-09-29 14:57:57,152 [INFO] IPUIPlugin:80 - create IPUIPlugin
2024-09-29 14:57:57,152 [INFO] PluginManager:220 - loadIPPluginJar : add tsc
2024-09-29 14:57:57,157 [INFO] IPUIPlugin:80 - create IPUIPlugin
2024-09-29 14:57:57,158 [INFO] PluginManager:220 - loadIPPluginJar : add ucpd
2024-09-29 14:57:57,172 [INFO] IPUIPlugin:80 - create IPUIPlugin
2024-09-29 14:57:57,180 [INFO] PluginManager:220 - loadIPPluginJar : add usart
2024-09-29 14:57:57,186 [INFO] IPUIPlugin:80 - create IPUIPlugin
2024-09-29 14:57:57,186 [INFO] PluginManager:220 - loadIPPluginJar : add usbx
2024-09-29 14:57:57,416 [INFO] CADModel:165 - CPN selected for project level
2024-09-29 14:57:57,416 [INFO] CADModel:114 - Register for checkConnection events
2024-09-29 14:57:57,416 [FATAL] Updater:334 - Updater called before beeing initialized
2024-09-29 14:57:57,417 [ERROR] CADModel:125 - Updater not yet initialized, retry later 
2024-09-29 14:57:58,020 [INFO] CADModel:165 - CPN selected for project level
2024-09-29 14:57:58,020 [INFO] CADModel:114 - Register for checkConnection events
2024-09-29 14:57:58,022 [FATAL] Updater:334 - Updater called before beeing initialized
2024-09-29 14:57:58,022 [ERROR] CADModel:125 - Updater not yet initialized, retry later 
2024-09-29 14:57:58,029 [FATAL] Updater:334 - Updater called before beeing initialized
2024-09-29 14:57:58,330 [FATAL] Updater:334 - Updater called before beeing initialized
2024-09-29 14:57:58,349 [INFO] DbMcusAds:53 - JSON generation date=Fri Sep 20 06:04:23 PDT 2024 (1726837463113)
2024-09-29 14:57:58,350 [FATAL] Updater:334 - Updater called before beeing initialized
2024-09-29 14:57:58,718 [INFO] ThirdPartyUpdaterWithRetryManager:70 - Updater plugin not ready yet. [3/15]
2024-09-29 14:57:58,720 [WARN] DetailPanel:346 - Failed to get advertising image, set to default
2024-09-29 14:57:59,239 [FATAL] Updater:334 - Updater called before beeing initialized
2024-09-29 14:57:59,255 [FATAL] Updater:334 - Updater called before beeing initialized
2024-09-29 14:57:59,255 [FATAL] Updater:334 - Updater called before beeing initialized
2024-09-29 14:57:59,256 [WARN] DetailPanel:346 - Failed to get advertising image, set to default
2024-09-29 14:57:59,257 [FATAL] Updater:334 - Updater called before beeing initialized
2024-09-29 14:57:59,471 [ERROR] Updater:1164 - MainUpdater not yet initialized. External WinMGr cannot be set.
2024-09-29 14:57:59,498 [INFO] Updater:1100 - Updater Version found : 6.12.1
2024-09-29 14:57:59,559 [INFO] ApplicationProperties:184 - Using Application install path: C:\ST\STM32CubeIDE_1.13.2\STM32CubeIDE\plugins\com.st.stm32cube.common.mx_6.12.1.202409122256
2024-09-29 14:58:01,190 [ERROR] LogOutputStream:75 - [STDERR_REDIRECT] Sep 29, 2024 2:58:01 PM java.util.prefs.WindowsPreferences <init>
2024-09-29 14:58:01,193 [ERROR] LogOutputStream:75 - [STDERR_REDIRECT] WARNING: Could not open/create prefs root node Software\JavaSoft\Prefs at root 0xffffffff80000002. Windows RegCreateKeyEx(...) returned error code 5.
2024-09-29 14:58:01,193 [ERROR] LogOutputStream:75 - [STDERR_REDIRECT] 
2024-09-29 14:58:01,720 [FATAL] Updater:334 - Updater called before beeing initialized
2024-09-29 14:58:01,720 [ERROR] IntegrityCheckThread:130 - Cannot retrieve database content from updater: error 21
2024-09-29 14:58:01,720 [INFO] ThirdParty:978 - Integrity check success = false
2024-09-29 14:58:01,720 [INFO] IntegrityCheckThread:100 - exiting critical section [integrity check]
2024-09-29 14:58:01,721 [INFO] IntegrityCheckThread:103 - End integrity checks thread
2024-09-29 14:58:01,777 [INFO] MainUpdater:2873 - connection check result : 10
2024-09-29 14:58:01,778 [INFO] MainUpdater:290 - Updater Check For Update Now.
2024-09-29 14:58:01,778 [INFO] MicroXplorer:498 - Change Database Version : DB.6.0.121
2024-09-29 14:58:01,788 [INFO] McuFinderGlobals:63 - Set McuFinder mode to 2 (CubeIDE integrated)
2024-09-29 14:58:01,790 [INFO] UserAuth:417 - Internet connection configuration mode: 1
2024-09-29 14:58:01,827 [INFO] JxBrowserEngine:152 - Initiate JxBrowser Engine with user profile folder
2024-09-29 14:58:02,000 [INFO] CheckServerUpdateThread:120 - End of CheckServer Thread
2024-09-29 14:58:05,882 [INFO] WebApp:167 - Instantiating new browser for Auth
2024-09-29 14:58:11,017 [INFO] WebApp:448 - Apply proxy settings
2024-09-29 14:58:11,018 [INFO] WebApp:533 - Chromium requires no authentication
2024-09-29 14:58:11,072 [INFO] WebApp:476 - Direct internet connection detected
2024-09-29 14:58:11,191 [INFO] WebApp:869 - Register for checkConnection events
2024-09-29 14:58:11,191 [INFO] WebApp:448 - Apply proxy settings
2024-09-29 14:58:11,192 [INFO] WebApp:533 - Chromium requires no authentication
2024-09-29 14:58:11,193 [INFO] WebApp:476 - Direct internet connection detected
2024-09-29 14:58:11,500 [INFO] WebApp:186 - Connection restablished
2024-09-29 14:58:11,779 [INFO] WebApp:220 - Starting web application
2024-09-29 14:58:11,779 [INFO] WebApp:578 - Web application path used C:\ST\STM32CubeIDE_1.13.2\STM32CubeIDE\plugins\com.st.stm32cube.common.mx_6.12.1.202409122256\db\plugins\mcufinder\reactClient1\index.html
2024-09-29 14:58:12,083 [INFO] UserAuth:417 - Internet connection configuration mode: 1
2024-09-29 16:17:31,707 [ERROR] LogOutputStream:75 - [STDERR_REDIRECT] 
2024-09-29 16:17:31,838 [ERROR] LogOutputStream:75 - [STDERR_REDIRECT] 
