2024-09-28 13:11:40,765 [INFO] Activator:176 - 


2024-09-28 13:11:40,769 [INFO] Activator:177 - !SESSION log4j initialized
2024-09-28 13:11:45,307 [INFO] LogOutputStream:77 - [STDOUT_REDIRECT] 
2024-09-28 13:11:50,114 [INFO] ApplicationProperties:184 - Using Application install path: C:\ST\STM32CubeIDE_1.13.2\STM32CubeIDE\plugins\com.st.stm32cube.common.mx_6.12.1.202409122256
2024-09-28 13:11:50,219 [INFO] DbMcusXml:78 - Set database path to: C:\ST\STM32CubeIDE_1.13.2\STM32CubeIDE\plugins\com.st.stm32cube.common.mx_6.12.1.202409122256\\db\/mcu/
2024-09-28 13:11:50,220 [INFO] ApiDb:274 - Set plugin database path to: C:\ST\STM32CubeIDE_1.13.2\STM32CubeIDE\plugins\com.st.stm32cube.common.mx_6.12.1.202409122256\\db\/plugins/boardmanager/
2024-09-28 13:11:50,223 [WARN] ApiDb:259 - Overriding images path with different value:  => C:\ST\STM32CubeIDE_1.13.2\STM32CubeIDE\plugins\com.st.stm32cube.common.mx_6.12.1.202409122256\\db\/plugins/mcufinder/images/
2024-09-28 13:11:50,284 [INFO] ApiDb:250 - Set database path to: C:\Users\korbi\.stmcufinder\plugins\mcufinder//mcu/
2024-09-28 13:11:50,289 [INFO] DbMcusAds:125 - Set database path to: C:\Users\korbi\.stmcufinder\plugins\mcufinder//mcu/
2024-09-28 13:11:50,298 [INFO] CrossReferenceDbSqlite:203 - Set database path to: C:\Users\korbi\.stmcufinder\plugins\mcufinder//mcu/cs/
2024-09-28 13:11:50,571 [INFO] RulesReader:64 - Compatibility file has been processed (297 Rules)
2024-09-28 13:11:50,808 [INFO] DbMcusXml:78 - Set database path to: C:\ST\STM32CubeIDE_1.13.2\STM32CubeIDE\plugins\com.st.stm32cube.common.mx_6.12.1.202409122256\\db\/mcu/
2024-09-28 13:11:50,808 [INFO] ApiDb:274 - Set plugin database path to: C:\ST\STM32CubeIDE_1.13.2\STM32CubeIDE\plugins\com.st.stm32cube.common.mx_6.12.1.202409122256\\db\/plugins/boardmanager/
2024-09-28 13:11:50,809 [INFO] ApiDb:261 - Set plugin images path to: C:\ST\STM32CubeIDE_1.13.2\STM32CubeIDE\plugins\com.st.stm32cube.common.mx_6.12.1.202409122256\\db\/plugins/mcufinder/images/
2024-09-28 13:11:50,811 [WARN] DbFile:41 - Overriding database path with different value: C:\Users\korbi\.stmcufinder\plugins\mcufinder/ => C:\Users\korbi\.stmcufinder\plugins\mcufinder
2024-09-28 13:11:50,812 [INFO] ApiDb:250 - Set database path to: C:\Users\korbi\.stmcufinder\plugins\mcufinder//mcu/
2024-09-28 13:11:50,813 [WARN] DbFile:41 - Overriding database path with different value: C:\Users\korbi\.stmcufinder\plugins\mcufinder/ => C:\Users\korbi\.stmcufinder\plugins\mcufinder
2024-09-28 13:11:50,814 [INFO] DbMcusAds:125 - Set database path to: C:\Users\korbi\.stmcufinder\plugins\mcufinder//mcu/
2024-09-28 13:11:50,814 [WARN] DbFile:41 - Overriding database path with different value: C:\Users\korbi\.stmcufinder\plugins\mcufinder/ => C:\Users\korbi\.stmcufinder\plugins\mcufinder
2024-09-28 13:11:50,815 [WARN] DbFile:41 - Overriding database path with different value: C:\Users\korbi\.stmcufinder\plugins\mcufinder/ => C:\Users\korbi\.stmcufinder\plugins\mcufinder
2024-09-28 13:11:50,817 [INFO] CrossReferenceDbSqlite:203 - Set database path to: C:\Users\korbi\.stmcufinder\plugins\mcufinder//mcu/cs/
2024-09-28 13:11:51,045 [INFO] MainPanel:268 - HeapMemory: 268435456
2024-09-28 13:11:51,278 [INFO] DbMcusXml:78 - Set database path to: C:\ST\STM32CubeIDE_1.13.2\STM32CubeIDE\plugins\com.st.stm32cube.common.mx_6.12.1.202409122256\\db\/mcu/
2024-09-28 13:11:51,278 [INFO] ApiDb:274 - Set plugin database path to: C:\ST\STM32CubeIDE_1.13.2\STM32CubeIDE\plugins\com.st.stm32cube.common.mx_6.12.1.202409122256\\db\/plugins/boardmanager/
2024-09-28 13:11:51,278 [INFO] ApiDb:261 - Set plugin images path to: C:\ST\STM32CubeIDE_1.13.2\STM32CubeIDE\plugins\com.st.stm32cube.common.mx_6.12.1.202409122256\\db\/plugins/mcufinder/images/
2024-09-28 13:11:51,279 [WARN] DbFile:41 - Overriding database path with different value: C:\Users\korbi\.stmcufinder\plugins\mcufinder/ => C:\Users\korbi\.stmcufinder\plugins\mcufinder
2024-09-28 13:11:51,279 [INFO] ApiDb:250 - Set database path to: C:\Users\korbi\.stmcufinder\plugins\mcufinder//mcu/
2024-09-28 13:11:51,279 [WARN] DbFile:41 - Overriding database path with different value: C:\Users\korbi\.stmcufinder\plugins\mcufinder/ => C:\Users\korbi\.stmcufinder\plugins\mcufinder
2024-09-28 13:11:51,279 [INFO] DbMcusAds:125 - Set database path to: C:\Users\korbi\.stmcufinder\plugins\mcufinder//mcu/
2024-09-28 13:11:51,279 [WARN] DbFile:41 - Overriding database path with different value: C:\Users\korbi\.stmcufinder\plugins\mcufinder/ => C:\Users\korbi\.stmcufinder\plugins\mcufinder
2024-09-28 13:11:51,280 [WARN] DbFile:41 - Overriding database path with different value: C:\Users\korbi\.stmcufinder\plugins\mcufinder/ => C:\Users\korbi\.stmcufinder\plugins\mcufinder
2024-09-28 13:11:51,280 [INFO] CrossReferenceDbSqlite:203 - Set database path to: C:\Users\korbi\.stmcufinder\plugins\mcufinder//mcu/cs/
2024-09-28 13:11:51,312 [INFO] ApplicationProperties:184 - Using Application install path: C:\ST\STM32CubeIDE_1.13.2\STM32CubeIDE\plugins\com.st.stm32cube.common.mx_6.12.1.202409122256
2024-09-28 13:11:51,314 [INFO] PluginManage:196 - Search for loadable plugins [exclusion list=, ]
2024-09-28 13:11:51,320 [INFO] PluginManage:310 - Check plugin analytics
2024-09-28 13:11:51,628 [INFO] AnalyticsPlugin:253 - Accepted Software Licenses: STM32CubeMX.6.12.0
2024-09-28 13:11:51,628 [INFO] AnalyticsPlugin:255 - Accepted CMSIS Pack Licenses: STMicroelectronics.X-CUBE-AZRTOS-H7.3.3.0
2024-09-28 13:11:51,628 [INFO] AnalyticsPlugin:257 - Accepted Firmware Licenses: FW.H7.1.11.0
2024-09-28 13:11:51,633 [INFO] PluginManage:359 - Loaded plugin analytics (category:tool,tabindex:-1)
2024-09-28 13:11:51,634 [INFO] PluginManage:310 - Check plugin cadmodel
2024-09-28 13:11:51,647 [INFO] CADModel:105 - Init CAD model plugin
2024-09-28 13:11:51,647 [INFO] PluginManage:359 - Loaded plugin cadmodel (category:power,tabindex:5)
2024-09-28 13:11:51,648 [INFO] PluginManage:310 - Check plugin clock
2024-09-28 13:11:51,671 [INFO] PluginManage:359 - Loaded plugin clock (category:base,tabindex:2)
2024-09-28 13:11:51,671 [INFO] PluginManage:310 - Check plugin ddr
2024-09-28 13:11:51,676 [INFO] PluginManage:359 - Loaded plugin ddr (category:tool,tabindex:6)
2024-09-28 13:11:51,676 [INFO] PluginManage:310 - Check plugin filemanager
2024-09-28 13:11:51,987 [INFO] PluginManage:359 - Loaded plugin filemanager (category:base,tabindex:10)
2024-09-28 13:11:51,987 [INFO] PluginManage:310 - Check plugin ipmanager
2024-09-28 13:11:52,004 [INFO] PluginManage:359 - Loaded plugin ipmanager (category:base,tabindex:5)
2024-09-28 13:11:52,005 [INFO] PluginManage:310 - Check plugin lpbam
2024-09-28 13:11:52,019 [INFO] PluginManage:359 - Loaded plugin lpbam (category:base,tabindex:0)
2024-09-28 13:11:52,019 [INFO] PluginManage:310 - Check plugin memorymap
2024-09-28 13:11:52,052 [INFO] PluginManage:359 - Loaded plugin memorymap (category:base,tabindex:4)
2024-09-28 13:11:52,053 [INFO] PluginManage:310 - Check plugin pinoutandconfiguration
2024-09-28 13:11:52,072 [INFO] PluginManage:359 - Loaded plugin pinoutandconfiguration (category:base,tabindex:1)
2024-09-28 13:11:52,073 [INFO] PluginManage:310 - Check plugin pinoutconfig
2024-09-28 13:11:52,349 [WARN] SupportedApi:132 - Cannot load RTOS API schema: s4s-elt-must-match.1: The content of 'definitions' must match (annotation?, (simpleType | complexType)?, (unique | key | keyref)*)). A problem was found starting at: attribute.
2024-09-28 13:11:52,957 [INFO] PluginManage:359 - Loaded plugin pinoutconfig (category:base,tabindex:0)
2024-09-28 13:11:52,958 [INFO] PluginManage:310 - Check plugin power
2024-09-28 13:11:53,008 [INFO] PluginManage:359 - Loaded plugin power (category:power,tabindex:4)
2024-09-28 13:11:53,008 [INFO] PluginManage:310 - Check plugin projectmanager
2024-09-28 13:11:53,098 [INFO] PluginManage:359 - Loaded plugin projectmanager (category:projectmanager,tabindex:4)
2024-09-28 13:11:53,099 [INFO] PluginManage:310 - Check plugin rif
2024-09-28 13:11:53,128 [INFO] PluginManage:359 - Loaded plugin rif (category:base,tabindex:3)
2024-09-28 13:11:53,130 [INFO] PluginManage:310 - Check plugin thirdparty
2024-09-28 13:11:53,790 [INFO] PluginManage:359 - Loaded plugin thirdparty (category:base,tabindex:-1)
2024-09-28 13:11:53,790 [WARN] IntegrityCheckThread:84 - waiting for thirdparty lock release [integrity check]
2024-09-28 13:11:53,792 [INFO] PluginManage:310 - Check plugin tools
2024-09-28 13:11:53,792 [INFO] IntegrityCheckThread:86 - entering critical section [integrity check]
2024-09-28 13:11:53,793 [INFO] ThirdPartyUpdaterWithRetryManager:70 - Updater plugin not ready yet. [1/15]
2024-09-28 13:11:53,806 [INFO] PluginManage:359 - Loaded plugin tools (category:base,tabindex:7)
2024-09-28 13:11:53,808 [INFO] PluginManage:310 - Check plugin tutovideos
2024-09-28 13:11:54,414 [INFO] PluginManage:359 - Loaded plugin tutovideos (category:base,tabindex:-1)
2024-09-28 13:11:54,414 [INFO] PluginManage:310 - Check plugin updater
2024-09-28 13:11:54,449 [INFO] PluginManage:359 - Loaded plugin updater (category:base,tabindex:12)
2024-09-28 13:11:54,449 [INFO] PluginManage:310 - Check plugin userauth
2024-09-28 13:11:54,466 [INFO] UserAuth:113 - Init User Auth plugin
2024-09-28 13:11:54,467 [INFO] PluginManage:359 - Loaded plugin userauth (category:base,tabindex:14)
2024-09-28 13:11:54,470 [INFO] PluginManage:283 - PluginManage : Loaded plugins [18]
2024-09-28 13:11:55,031 [INFO] PinOutPanel:1561 - setPackage(No Configuration,No Configuration)
2024-09-28 13:11:55,244 [INFO] CADModel:165 - CPN selected for project level
2024-09-28 13:11:55,244 [INFO] CADModel:114 - Register for checkConnection events
2024-09-28 13:11:55,276 [INFO] IPUIPlugin:80 - create IPUIPlugin
2024-09-28 13:11:55,276 [INFO] PluginManager:220 - loadIPPluginJar : add adc
2024-09-28 13:11:55,283 [INFO] IPUIPlugin:80 - create IPUIPlugin
2024-09-28 13:11:55,283 [INFO] PluginManager:220 - loadIPPluginJar : add aes
2024-09-28 13:11:55,290 [INFO] IPUIPlugin:80 - create IPUIPlugin
2024-09-28 13:11:55,290 [INFO] PluginManager:220 - loadIPPluginJar : add can
2024-09-28 13:11:55,294 [INFO] IPUIPlugin:80 - create IPUIPlugin
2024-09-28 13:11:55,294 [INFO] PluginManager:220 - loadIPPluginJar : add comp
2024-09-28 13:11:55,300 [INFO] IPUIPlugin:80 - create IPUIPlugin
2024-09-28 13:11:55,300 [INFO] PluginManager:220 - loadIPPluginJar : add cryp
2024-09-28 13:11:55,307 [INFO] IPUIPlugin:80 - create IPUIPlugin
2024-09-28 13:11:55,307 [INFO] PluginManager:220 - loadIPPluginJar : add ddr_ctrl_phy
2024-09-28 13:11:55,314 [INFO] IPUIPlugin:80 - create IPUIPlugin
2024-09-28 13:11:55,314 [INFO] PluginManager:220 - loadIPPluginJar : add dfsdm
2024-09-28 13:11:55,326 [INFO] IPUIPlugin:80 - create IPUIPlugin
2024-09-28 13:11:55,327 [INFO] PluginManager:220 - loadIPPluginJar : add dma
2024-09-28 13:11:55,334 [INFO] IPUIPlugin:80 - create IPUIPlugin
2024-09-28 13:11:55,334 [INFO] PluginManager:220 - loadIPPluginJar : add dma3
2024-09-28 13:11:55,341 [INFO] IPUIPlugin:80 - create IPUIPlugin
2024-09-28 13:11:55,341 [INFO] PluginManager:220 - loadIPPluginJar : add extmemmanager
2024-09-28 13:11:55,345 [INFO] IPUIPlugin:80 - create IPUIPlugin
2024-09-28 13:11:55,345 [INFO] PluginManager:220 - loadIPPluginJar : add fatfs
2024-09-28 13:11:55,354 [INFO] IPUIPlugin:80 - create IPUIPlugin
2024-09-28 13:11:55,354 [INFO] PluginManager:220 - loadIPPluginJar : add fmc
2024-09-28 13:11:55,364 [INFO] IPUIPlugin:80 - create IPUIPlugin
2024-09-28 13:11:55,364 [INFO] PluginManager:220 - loadIPPluginJar : add freertos
2024-09-28 13:11:55,368 [INFO] IPUIPlugin:80 - create IPUIPlugin
2024-09-28 13:11:55,369 [INFO] PluginManager:220 - loadIPPluginJar : add genericplugin
2024-09-28 13:11:55,373 [INFO] IPUIPlugin:80 - create IPUIPlugin
2024-09-28 13:11:55,373 [INFO] PluginManager:220 - loadIPPluginJar : add gfxmmu
2024-09-28 13:11:55,381 [INFO] IPUIPlugin:80 - create IPUIPlugin
2024-09-28 13:11:55,381 [INFO] PluginManager:220 - loadIPPluginJar : add gic
2024-09-28 13:11:55,390 [INFO] IPUIPlugin:80 - create IPUIPlugin
2024-09-28 13:11:55,390 [INFO] PluginManager:220 - loadIPPluginJar : add gpio
2024-09-28 13:11:55,396 [INFO] IPUIPlugin:80 - create IPUIPlugin
2024-09-28 13:11:55,397 [INFO] PluginManager:220 - loadIPPluginJar : add gtzc
2024-09-28 13:11:55,403 [INFO] IPUIPlugin:80 - create IPUIPlugin
2024-09-28 13:11:55,403 [INFO] PluginManager:220 - loadIPPluginJar : add hash
2024-09-28 13:11:55,408 [INFO] IPUIPlugin:80 - create IPUIPlugin
2024-09-28 13:11:55,408 [INFO] PluginManager:220 - loadIPPluginJar : add i2c
2024-09-28 13:11:55,413 [INFO] IPUIPlugin:80 - create IPUIPlugin
2024-09-28 13:11:55,413 [INFO] PluginManager:220 - loadIPPluginJar : add i2s
2024-09-28 13:11:55,420 [INFO] IPUIPlugin:80 - create IPUIPlugin
2024-09-28 13:11:55,420 [INFO] PluginManager:220 - loadIPPluginJar : add i3c
2024-09-28 13:11:55,426 [INFO] IPUIPlugin:80 - create IPUIPlugin
2024-09-28 13:11:55,427 [INFO] PluginManager:220 - loadIPPluginJar : add ipddr
2024-09-28 13:11:55,440 [INFO] IPUIPlugin:80 - create IPUIPlugin
2024-09-28 13:11:55,441 [INFO] PluginManager:220 - loadIPPluginJar : add linkedlist
2024-09-28 13:11:55,445 [INFO] IPUIPlugin:80 - create IPUIPlugin
2024-09-28 13:11:55,445 [INFO] PluginManager:220 - loadIPPluginJar : add lorawan
2024-09-28 13:11:55,448 [INFO] IPUIPlugin:80 - create IPUIPlugin
2024-09-28 13:11:55,449 [INFO] PluginManager:220 - loadIPPluginJar : add ltdc
2024-09-28 13:11:55,459 [INFO] IPUIPlugin:80 - create IPUIPlugin
2024-09-28 13:11:55,459 [INFO] PluginManager:220 - loadIPPluginJar : add mdma
2024-09-28 13:11:55,465 [INFO] IPUIPlugin:80 - create IPUIPlugin
2024-09-28 13:11:55,465 [INFO] PluginManager:220 - loadIPPluginJar : add nvic
2024-09-28 13:11:55,474 [INFO] IPUIPlugin:80 - create IPUIPlugin
2024-09-28 13:11:55,474 [INFO] PluginManager:220 - loadIPPluginJar : add opamp
2024-09-28 13:11:55,480 [INFO] IPUIPlugin:80 - create IPUIPlugin
2024-09-28 13:11:55,480 [INFO] PluginManager:220 - loadIPPluginJar : add openamp
2024-09-28 13:11:55,488 [INFO] IPUIPlugin:80 - create IPUIPlugin
2024-09-28 13:11:55,488 [INFO] PluginManager:220 - loadIPPluginJar : add pdm2pcm
2024-09-28 13:11:55,499 [INFO] IPUIPlugin:80 - create IPUIPlugin
2024-09-28 13:11:55,506 [INFO] PluginManager:220 - loadIPPluginJar : add plateformsettings
2024-09-28 13:11:55,510 [INFO] IPUIPlugin:80 - create IPUIPlugin
2024-09-28 13:11:55,510 [INFO] PluginManager:220 - loadIPPluginJar : add quadspi
2024-09-28 13:11:55,514 [INFO] IPUIPlugin:80 - create IPUIPlugin
2024-09-28 13:11:55,520 [INFO] PluginManager:220 - loadIPPluginJar : add radio
2024-09-28 13:11:55,528 [INFO] IPUIPlugin:80 - create IPUIPlugin
2024-09-28 13:11:55,528 [INFO] PluginManager:220 - loadIPPluginJar : add resmgrutility
2024-09-28 13:11:55,535 [INFO] IPUIPlugin:80 - create IPUIPlugin
2024-09-28 13:11:55,535 [INFO] PluginManager:220 - loadIPPluginJar : add sai
2024-09-28 13:11:55,541 [INFO] IPUIPlugin:80 - create IPUIPlugin
2024-09-28 13:11:55,541 [INFO] PluginManager:220 - loadIPPluginJar : add spi
2024-09-28 13:11:55,549 [INFO] IPUIPlugin:80 - create IPUIPlugin
2024-09-28 13:11:55,549 [INFO] PluginManager:220 - loadIPPluginJar : add stm32_wpan
2024-09-28 13:11:55,553 [INFO] IPUIPlugin:80 - create IPUIPlugin
2024-09-28 13:11:55,554 [INFO] PluginManager:220 - loadIPPluginJar : add tim
2024-09-28 13:11:55,558 [INFO] IPUIPlugin:80 - create IPUIPlugin
2024-09-28 13:11:55,559 [INFO] PluginManager:220 - loadIPPluginJar : add touchsensing
2024-09-28 13:11:55,562 [INFO] IPUIPlugin:80 - create IPUIPlugin
2024-09-28 13:11:55,562 [INFO] PluginManager:220 - loadIPPluginJar : add tracer_emb
2024-09-28 13:11:55,567 [INFO] IPUIPlugin:80 - create IPUIPlugin
2024-09-28 13:11:55,567 [INFO] PluginManager:220 - loadIPPluginJar : add ts
2024-09-28 13:11:55,572 [INFO] IPUIPlugin:80 - create IPUIPlugin
2024-09-28 13:11:55,572 [INFO] PluginManager:220 - loadIPPluginJar : add tsc
2024-09-28 13:11:55,578 [INFO] IPUIPlugin:80 - create IPUIPlugin
2024-09-28 13:11:55,579 [INFO] PluginManager:220 - loadIPPluginJar : add ucpd
2024-09-28 13:11:55,589 [INFO] IPUIPlugin:80 - create IPUIPlugin
2024-09-28 13:11:55,590 [INFO] PluginManager:220 - loadIPPluginJar : add usart
2024-09-28 13:11:55,598 [INFO] IPUIPlugin:80 - create IPUIPlugin
2024-09-28 13:11:55,599 [INFO] PluginManager:220 - loadIPPluginJar : add usbx
2024-09-28 13:11:55,793 [INFO] CADModel:165 - CPN selected for project level
2024-09-28 13:11:55,794 [INFO] CADModel:114 - Register for checkConnection events
2024-09-28 13:11:55,794 [FATAL] Updater:334 - Updater called before beeing initialized
2024-09-28 13:11:55,794 [ERROR] CADModel:125 - Updater not yet initialized, retry later 
2024-09-28 13:11:56,013 [INFO] CADModel:165 - CPN selected for project level
2024-09-28 13:11:56,015 [INFO] CADModel:114 - Register for checkConnection events
2024-09-28 13:11:56,015 [FATAL] Updater:334 - Updater called before beeing initialized
2024-09-28 13:11:56,015 [ERROR] CADModel:125 - Updater not yet initialized, retry later 
2024-09-28 13:11:56,022 [FATAL] Updater:334 - Updater called before beeing initialized
2024-09-28 13:11:56,224 [FATAL] Updater:334 - Updater called before beeing initialized
2024-09-28 13:11:56,231 [INFO] DbMcusAds:53 - JSON generation date=Fri Sep 20 06:04:23 PDT 2024 (1726837463113)
2024-09-28 13:11:56,231 [FATAL] Updater:334 - Updater called before beeing initialized
2024-09-28 13:11:56,294 [WARN] DetailPanel:346 - Failed to get advertising image, set to default
2024-09-28 13:11:56,427 [FATAL] Updater:334 - Updater called before beeing initialized
2024-09-28 13:11:56,429 [FATAL] Updater:334 - Updater called before beeing initialized
2024-09-28 13:11:56,429 [FATAL] Updater:334 - Updater called before beeing initialized
2024-09-28 13:11:56,429 [WARN] DetailPanel:346 - Failed to get advertising image, set to default
2024-09-28 13:11:56,430 [FATAL] Updater:334 - Updater called before beeing initialized
2024-09-28 13:11:56,510 [ERROR] Updater:1164 - MainUpdater not yet initialized. External WinMGr cannot be set.
2024-09-28 13:11:56,514 [INFO] Updater:1100 - Updater Version found : 6.12.1
2024-09-28 13:11:56,545 [INFO] ApplicationProperties:184 - Using Application install path: C:\ST\STM32CubeIDE_1.13.2\STM32CubeIDE\plugins\com.st.stm32cube.common.mx_6.12.1.202409122256
2024-09-28 13:11:56,795 [INFO] ThirdPartyUpdaterWithRetryManager:70 - Updater plugin not ready yet. [2/15]
2024-09-28 13:11:58,140 [ERROR] LogOutputStream:75 - [STDERR_REDIRECT] Sep 28, 2024 1:11:58 PM java.util.prefs.WindowsPreferences <init>
2024-09-28 13:11:58,142 [ERROR] LogOutputStream:75 - [STDERR_REDIRECT] WARNING: Could not open/create prefs root node Software\JavaSoft\Prefs at root 0xffffffff80000002. Windows RegCreateKeyEx(...) returned error code 5.
2024-09-28 13:11:58,142 [ERROR] LogOutputStream:75 - [STDERR_REDIRECT] 
2024-09-28 13:11:59,262 [INFO] MainUpdater:2873 - connection check result : 10
2024-09-28 13:11:59,267 [INFO] MainUpdater:290 - Updater Check For Update Now.
2024-09-28 13:11:59,268 [INFO] MicroXplorer:498 - Change Database Version : DB.6.0.121
2024-09-28 13:11:59,312 [INFO] McuFinderGlobals:63 - Set McuFinder mode to 2 (CubeIDE integrated)
2024-09-28 13:11:59,322 [INFO] UserAuth:417 - Internet connection configuration mode: 1
2024-09-28 13:11:59,403 [INFO] JxBrowserEngine:152 - Initiate JxBrowser Engine with user profile folder
2024-09-28 13:11:59,618 [INFO] CheckServerUpdateThread:120 - End of CheckServer Thread
2024-09-28 13:12:01,831 [WARN] PackLoader:240 - Cannot read IP mode file for STMicroelectronics.FP-SNS-MOTENVWB1.1.4.0
2024-09-28 13:12:01,880 [WARN] PackLoader:240 - Cannot read IP mode file for STMicroelectronics.X-CUBE-SMBUS.2.1.0
2024-09-28 13:12:01,906 [WARN] PackLoader:240 - Cannot read IP mode file for STMicroelectronics.X-CUBE-TOUCHGFX.4.23.0
2024-09-28 13:12:01,992 [WARN] PackLoader:240 - Cannot read IP mode file for STMicroelectronics.X-CUBE-AZRTOS-F7.1.1.0
2024-09-28 13:12:02,041 [WARN] PackLoader:240 - Cannot read IP mode file for STMicroelectronics.FP-SNS-MOTENV1.4.3.2
2024-09-28 13:12:02,245 [WARN] PackLoader:240 - Cannot read IP mode file for STMicroelectronics.X-CUBE-MEMS1.11.0.0
2024-09-28 13:12:02,756 [WARN] PackLoader:240 - Cannot read IP mode file for STMicroelectronics.FP-SNS-FLIGHT1.5.0.2
2024-09-28 13:12:02,786 [WARN] PackLoader:240 - Cannot read IP mode file for STMicroelectronics.X-CUBE-DISPLAY.3.0.0
2024-09-28 13:12:02,827 [WARN] PackLoader:240 - Cannot read IP mode file for STMicroelectronics.X-CUBE-BLE1.7.0.0
2024-09-28 13:12:02,863 [WARN] PackLoader:240 - Cannot read IP mode file for STMicroelectronics.X-CUBE-NFC10.1.0.0
2024-09-28 13:12:02,904 [WARN] PackLoader:240 - Cannot read IP mode file for emotas.I-CUBE-CANOPEN.1.3.0
2024-09-28 13:12:02,928 [WARN] PackLoader:240 - Cannot read IP mode file for STMicroelectronics.X-CUBE-TOUCHGFX.4.22.1
2024-09-28 13:12:02,982 [WARN] PackLoader:240 - Cannot read IP mode file for STMicroelectronics.X-CUBE-BLEMGR.3.1.0
2024-09-28 13:12:03,024 [WARN] PackLoader:240 - Cannot read IP mode file for STMicroelectronics.FP-SNS-SMARTAG2.1.2.0
2024-09-28 13:12:03,073 [INFO] LogOutputStream:77 - [STDOUT_REDIRECT] 1 : Invalid condition id : UX_CORESTACK_Condition cause : null
2024-09-28 13:12:03,074 [INFO] LogOutputStream:77 - [STDOUT_REDIRECT] 1 : Invalid condition id : UX_CORESTACK_Condition cause : null
2024-09-28 13:12:03,075 [INFO] LogOutputStream:77 - [STDOUT_REDIRECT] 1 : Invalid condition id : UX_CORESTACK_Condition cause : null
2024-09-28 13:12:03,078 [INFO] LogOutputStream:77 - [STDOUT_REDIRECT] 1 : Invalid condition id : UX_CORESTACK_Condition cause : null
2024-09-28 13:12:03,079 [INFO] LogOutputStream:77 - [STDOUT_REDIRECT] 1 : Invalid condition id : UX_CORESTACK_Condition cause : null
2024-09-28 13:12:03,087 [WARN] PackLoader:240 - Cannot read IP mode file for STMicroelectronics.X-CUBE-AZRTOS-WL.2.0.0
2024-09-28 13:12:03,116 [WARN] PackLoader:240 - Cannot read IP mode file for STMicroelectronics.FP-SNS-MOTENV1.5.0.0
2024-09-28 13:12:03,141 [WARN] PackLoader:240 - Cannot read IP mode file for wolfSSL.I-CUBE-wolfMQTT.1.19.0
2024-09-28 13:12:03,173 [WARN] PackLoader:240 - Cannot read IP mode file for WES.I-CUBE-Cesium.1.3.0
2024-09-28 13:12:03,204 [WARN] PackLoader:240 - Cannot read IP mode file for STMicroelectronics.X-CUBE-BLE2.3.3.0
2024-09-28 13:12:03,231 [WARN] PackLoader:240 - Cannot read IP mode file for STMicroelectronics.X-CUBE-NFC9.1.0.0
2024-09-28 13:12:03,259 [WARN] PackLoader:240 - Cannot read IP mode file for STMicroelectronics.X-CUBE-TCPP.4.1.0
2024-09-28 13:12:03,285 [WARN] PackLoader:240 - Cannot read IP mode file for STMicroelectronics.X-CUBE-ALGOBUILD.1.3.0
2024-09-28 13:12:03,332 [WARN] PackLoader:240 - Cannot read IP mode file for STMicroelectronics.X-CUBE-AZRTOS-G0.1.1.0
2024-09-28 13:12:03,356 [WARN] PackLoader:240 - Cannot read IP mode file for STMicroelectronics.X-CUBE-SAFEA1.1.2.2
2024-09-28 13:12:03,373 [WARN] PackLoader:240 - Cannot read IP mode file for STMicroelectronics.X-CUBE-NFC4.3.0.0
2024-09-28 13:12:03,396 [WARN] PackLoader:240 - Cannot read IP mode file for EmbeddedOffice.I-CUBE-FS-RTOS.1.0.1
2024-09-28 13:12:03,397 [ERROR] ConditionMgr:805 - Attr not supported : Dmpu
2024-09-28 13:12:03,397 [ERROR] ConditionMgr:805 - Attr not supported : Dmpu
2024-09-28 13:12:03,397 [ERROR] ConditionMgr:805 - Attr not supported : Dmpu
2024-09-28 13:12:03,397 [ERROR] ConditionMgr:805 - Attr not supported : Dmpu
2024-09-28 13:12:03,397 [ERROR] ConditionMgr:805 - Attr not supported : Dmpu
2024-09-28 13:12:03,397 [ERROR] ConditionMgr:805 - Attr not supported : Dmpu
2024-09-28 13:12:03,397 [ERROR] ConditionMgr:805 - Attr not supported : Dmpu
2024-09-28 13:12:03,397 [ERROR] ConditionMgr:805 - Attr not supported : Dmpu
2024-09-28 13:12:03,397 [ERROR] ConditionMgr:805 - Attr not supported : Dmpu
2024-09-28 13:12:03,398 [ERROR] ConditionMgr:805 - Attr not supported : Dmpu
2024-09-28 13:12:03,398 [ERROR] ConditionMgr:805 - Attr not supported : Dmpu
2024-09-28 13:12:03,398 [ERROR] ConditionMgr:805 - Attr not supported : Dmpu
2024-09-28 13:12:03,398 [ERROR] ConditionMgr:805 - Attr not supported : Dmpu
2024-09-28 13:12:03,398 [ERROR] ConditionMgr:805 - Attr not supported : Dmpu
2024-09-28 13:12:03,398 [ERROR] ConditionMgr:805 - Attr not supported : Dmpu
2024-09-28 13:12:03,398 [ERROR] ConditionMgr:805 - Attr not supported : Dmpu
2024-09-28 13:12:03,398 [ERROR] ConditionMgr:805 - Attr not supported : Dmpu
2024-09-28 13:12:03,400 [ERROR] ConditionMgr:805 - Attr not supported : Dmpu
2024-09-28 13:12:03,400 [ERROR] ConditionMgr:805 - Attr not supported : Dmpu
2024-09-28 13:12:03,400 [ERROR] ConditionMgr:805 - Attr not supported : Dmpu
2024-09-28 13:12:03,400 [ERROR] ConditionMgr:805 - Attr not supported : Dmpu
2024-09-28 13:12:03,400 [ERROR] ConditionMgr:805 - Attr not supported : Dmpu
2024-09-28 13:12:03,400 [ERROR] ConditionMgr:805 - Attr not supported : Dmpu
2024-09-28 13:12:03,400 [ERROR] ConditionMgr:805 - Attr not supported : Dmpu
2024-09-28 13:12:03,400 [ERROR] ConditionMgr:805 - Attr not supported : Dmpu
2024-09-28 13:12:03,400 [ERROR] ConditionMgr:805 - Attr not supported : Dmpu
2024-09-28 13:12:03,400 [ERROR] ConditionMgr:805 - Attr not supported : Dmpu
2024-09-28 13:12:03,400 [ERROR] ConditionMgr:805 - Attr not supported : Dmpu
2024-09-28 13:12:03,400 [ERROR] ConditionMgr:805 - Attr not supported : Dmpu
2024-09-28 13:12:03,400 [ERROR] ConditionMgr:805 - Attr not supported : Dmpu
2024-09-28 13:12:03,400 [ERROR] ConditionMgr:805 - Attr not supported : Dmpu
2024-09-28 13:12:03,400 [ERROR] ConditionMgr:805 - Attr not supported : Dmpu
2024-09-28 13:12:03,400 [ERROR] ConditionMgr:805 - Attr not supported : Dmpu
2024-09-28 13:12:03,400 [ERROR] ConditionMgr:805 - Attr not supported : Dmpu
2024-09-28 13:12:03,402 [ERROR] ConditionMgr:805 - Attr not supported : Dmpu
2024-09-28 13:12:03,402 [ERROR] ConditionMgr:805 - Attr not supported : Dmpu
2024-09-28 13:12:03,402 [ERROR] ConditionMgr:805 - Attr not supported : Dmpu
2024-09-28 13:12:03,402 [ERROR] ConditionMgr:805 - Attr not supported : Dmpu
2024-09-28 13:12:03,403 [ERROR] ConditionMgr:805 - Attr not supported : Dmpu
2024-09-28 13:12:03,403 [ERROR] ConditionMgr:805 - Attr not supported : Dmpu
2024-09-28 13:12:03,403 [ERROR] ConditionMgr:805 - Attr not supported : Dmpu
2024-09-28 13:12:03,403 [ERROR] ConditionMgr:805 - Attr not supported : Dmpu
2024-09-28 13:12:03,403 [ERROR] ConditionMgr:805 - Attr not supported : Dmpu
2024-09-28 13:12:03,403 [ERROR] ConditionMgr:805 - Attr not supported : Dmpu
2024-09-28 13:12:03,404 [ERROR] ConditionMgr:805 - Attr not supported : Dmpu
2024-09-28 13:12:03,404 [ERROR] ConditionMgr:805 - Attr not supported : Dmpu
2024-09-28 13:12:03,404 [ERROR] ConditionMgr:805 - Attr not supported : Dmpu
2024-09-28 13:12:03,404 [ERROR] ConditionMgr:805 - Attr not supported : Dmpu
2024-09-28 13:12:03,404 [ERROR] ConditionMgr:805 - Attr not supported : Dmpu
2024-09-28 13:12:03,405 [ERROR] ConditionMgr:805 - Attr not supported : Dmpu
2024-09-28 13:12:03,405 [ERROR] ConditionMgr:805 - Attr not supported : Dmpu
2024-09-28 13:12:03,405 [ERROR] ConditionMgr:805 - Attr not supported : Dmpu
2024-09-28 13:12:03,405 [ERROR] ConditionMgr:805 - Attr not supported : Dmpu
2024-09-28 13:12:03,405 [ERROR] ConditionMgr:805 - Attr not supported : Dmpu
2024-09-28 13:12:03,405 [ERROR] ConditionMgr:805 - Attr not supported : Dmpu
2024-09-28 13:12:03,405 [ERROR] ConditionMgr:805 - Attr not supported : Dmpu
2024-09-28 13:12:03,405 [ERROR] ConditionMgr:805 - Attr not supported : Dmpu
2024-09-28 13:12:03,405 [ERROR] ConditionMgr:805 - Attr not supported : Dmpu
2024-09-28 13:12:03,405 [ERROR] ConditionMgr:805 - Attr not supported : Dmpu
2024-09-28 13:12:03,405 [ERROR] ConditionMgr:805 - Attr not supported : Dmpu
2024-09-28 13:12:03,405 [ERROR] ConditionMgr:805 - Attr not supported : Dmpu
2024-09-28 13:12:03,406 [ERROR] ConditionMgr:805 - Attr not supported : Dmpu
2024-09-28 13:12:03,406 [ERROR] ConditionMgr:805 - Attr not supported : Dmpu
2024-09-28 13:12:03,406 [ERROR] ConditionMgr:805 - Attr not supported : Dmpu
2024-09-28 13:12:03,427 [WARN] PackLoader:240 - Cannot read IP mode file for STMicroelectronics.X-CUBE-BLEMGR.3.0.0
2024-09-28 13:12:03,444 [INFO] WebApp:167 - Instantiating new browser for Auth
2024-09-28 13:12:03,451 [WARN] PackLoader:240 - Cannot read IP mode file for RealThread.X-CUBE-RT-Thread_Nano.4.1.1
2024-09-28 13:12:03,471 [WARN] PackLoader:240 - Cannot read IP mode file for STMicroelectronics.FP-ATR-SIGFOX1.3.2.0
2024-09-28 13:12:03,490 [WARN] PackLoader:240 - Cannot read IP mode file for wolfSSL.I-CUBE-wolfSSL.5.7.2
2024-09-28 13:12:03,518 [WARN] PackLoader:240 - Cannot read IP mode file for STMicroelectronics.X-CUBE-EEPRMA1.5.1.0
2024-09-28 13:12:03,550 [WARN] PackLoader:240 - Cannot read IP mode file for ITTIA_DB.I-CUBE-ITTIADB.8.9.0
2024-09-28 13:12:03,696 [WARN] PackLoader:240 - Cannot read IP mode file for SEGGER.I-CUBE-embOS.1.3.1
2024-09-28 13:12:03,817 [WARN] PackLoader:240 - Cannot read IP mode file for STMicroelectronics.X-CUBE-ALGOBUILD.1.4.0
2024-09-28 13:12:03,842 [WARN] PackLoader:240 - Cannot read IP mode file for STMicroelectronics.X-CUBE-GNSS1.6.0.0
2024-09-28 13:12:03,898 [WARN] PackLoader:240 - Cannot read IP mode file for STMicroelectronics.X-CUBE-AZRTOS-F4.1.1.0
2024-09-28 13:12:03,918 [WARN] PackLoader:240 - Cannot read IP mode file for wolfSSL.I-CUBE-wolfSSL.5.6.3
2024-09-28 13:12:03,938 [WARN] PackLoader:240 - Cannot read IP mode file for STMicroelectronics.X-CUBE-ISPU.2.1.0
2024-09-28 13:12:03,956 [WARN] PackLoader:240 - Cannot read IP mode file for STMicroelectronics.X-CUBE-FREERTOS.1.2.0
2024-09-28 13:12:03,998 [WARN] PackLoader:240 - Cannot read IP mode file for STMicroelectronics.X-CUBE-AZRTOS-L5.2.0.0
2024-09-28 13:12:04,118 [WARN] PackLoader:240 - Cannot read IP mode file for STMicroelectronics.X-CUBE-MEMS1.9.6.0
2024-09-28 13:12:04,566 [WARN] PackLoader:240 - Cannot read IP mode file for STMicroelectronics.X-CUBE-EEPRMA1.4.2.0
2024-09-28 13:12:04,610 [WARN] PackLoader:240 - Cannot read IP mode file for STMicroelectronics.X-CUBE-NFC6.3.1.0
2024-09-28 13:12:04,643 [WARN] PackLoader:240 - Cannot read IP mode file for ITTIA_DB.I-CUBE-ITTIADB.8.8.0
2024-09-28 13:12:04,693 [WARN] PackLoader:240 - Cannot read IP mode file for STMicroelectronics.X-CUBE-BLEMGR.2.0.0
2024-09-28 13:12:04,729 [WARN] PackLoader:240 - Cannot read IP mode file for STMicroelectronics.X-CUBE-DPower.1.2.0
2024-09-28 13:12:04,770 [WARN] PackLoader:240 - Cannot read IP mode file for STMicroelectronics.X-CUBE-AI.9.0.0
2024-09-28 13:12:04,859 [WARN] ConditionMgr:438 - getConditionDescription Invalid condition id : UX DEVICE CLASS RTOS Condition cause : null
2024-09-28 13:12:04,859 [WARN] ConditionMgr:438 - getConditionDescription Invalid condition id : UX DEVICE CLASS RTOS Condition cause : null
2024-09-28 13:12:04,867 [WARN] PackLoader:240 - Cannot read IP mode file for STMicroelectronics.X-CUBE-AZRTOS-H7.3.1.0
2024-09-28 13:12:04,871 [WARN] ConditionMgr:1039 - genDependencies : Invalid condition id : UX DEVICE CLASS RTOS Condition cause : null
2024-09-28 13:12:04,872 [WARN] ConditionMgr:1039 - genDependencies : Invalid condition id : UX DEVICE CLASS RTOS Condition cause : null
2024-09-28 13:12:04,875 [WARN] ConditionMgr:1039 - genDependencies : Invalid condition id : UX DEVICE CLASS RTOS Condition cause : null
2024-09-28 13:12:04,877 [WARN] ConditionMgr:1039 - genDependencies : Invalid condition id : UX DEVICE CLASS RTOS Condition cause : null
2024-09-28 13:12:04,878 [WARN] ConditionMgr:1039 - genDependencies : Invalid condition id : UX DEVICE CLASS RTOS Condition cause : null
2024-09-28 13:12:04,919 [WARN] PackLoader:240 - Cannot read IP mode file for STMicroelectronics.X-CUBE-NFC7.1.0.1
2024-09-28 13:12:04,946 [WARN] PackLoader:240 - Cannot read IP mode file for wolfSSL.I-CUBE-wolfTPM.3.2.0
2024-09-28 13:12:04,972 [WARN] PackLoader:240 - Cannot read IP mode file for STMicroelectronics.X-CUBE-NFC6.3.0.0
2024-09-28 13:12:04,998 [WARN] PackLoader:240 - Cannot read IP mode file for STMicroelectronics.X-CUBE-EEPRMA1.4.1.0
2024-09-28 13:12:05,018 [WARN] PackLoader:240 - Cannot read IP mode file for STMicroelectronics.X-CUBE-AI.8.1.0
2024-09-28 13:12:05,071 [WARN] ConditionMgr:438 - getConditionDescription Invalid condition id : LAN8742 Phy interface Condition cause : null
2024-09-28 13:12:05,075 [WARN] PackLoader:240 - Cannot read IP mode file for STMicroelectronics.X-CUBE-AZRTOS-L4.2.0.0
2024-09-28 13:12:05,077 [WARN] ConditionMgr:1039 - genDependencies : Invalid condition id : LAN8742 Phy interface Condition cause : null
2024-09-28 13:12:05,078 [WARN] ConditionMgr:1039 - genDependencies : Invalid condition id : LAN8742 Phy interface Condition cause : null
2024-09-28 13:12:05,079 [WARN] ConditionMgr:1039 - genDependencies : Invalid condition id : LAN8742 Phy interface Condition cause : null
2024-09-28 13:12:05,102 [WARN] PackLoader:240 - Cannot read IP mode file for STMicroelectronics.X-CUBE-SFXS2LP1.4.0.0
2024-09-28 13:12:05,114 [WARN] PackLoader:240 - Cannot read IP mode file for STMicroelectronics.X-CUBE-ISPU.1.1.0
2024-09-28 13:12:05,162 [WARN] PackLoader:240 - Cannot read IP mode file for STMicroelectronics.X-CUBE-AZRTOS-H7.3.3.0
2024-09-28 13:12:05,964 [WARN] ConditionMgr:438 - getConditionDescription Invalid condition id : UX DEVICE CLASS RTOS Condition cause : null
2024-09-28 13:12:05,965 [WARN] ConditionMgr:438 - getConditionDescription Invalid condition id : UX DEVICE CLASS RTOS Condition cause : null
2024-09-28 13:12:05,973 [WARN] PackLoader:240 - Cannot read IP mode file for STMicroelectronics.X-CUBE-AZRTOS-WB.2.0.0
2024-09-28 13:12:05,976 [WARN] ConditionMgr:1039 - genDependencies : Invalid condition id : UX DEVICE CLASS RTOS Condition cause : null
2024-09-28 13:12:05,976 [WARN] ConditionMgr:1039 - genDependencies : Invalid condition id : UX DEVICE CLASS RTOS Condition cause : null
2024-09-28 13:12:05,978 [WARN] ConditionMgr:1039 - genDependencies : Invalid condition id : UX DEVICE CLASS RTOS Condition cause : null
2024-09-28 13:12:05,979 [WARN] ConditionMgr:1039 - genDependencies : Invalid condition id : UX DEVICE CLASS RTOS Condition cause : null
2024-09-28 13:12:05,979 [WARN] ConditionMgr:1039 - genDependencies : Invalid condition id : UX DEVICE CLASS RTOS Condition cause : null
2024-09-28 13:12:05,999 [WARN] PackLoader:240 - Cannot read IP mode file for STMicroelectronics.X-CUBE-GNSS1.7.0.0
2024-09-28 13:12:06,022 [WARN] PackLoader:240 - Cannot read IP mode file for STMicroelectronics.FP-SNS-STBOX1.2.0.0
2024-09-28 13:12:06,072 [WARN] PackLoader:240 - Cannot read IP mode file for STMicroelectronics.X-CUBE-SUBG2.5.0.0
2024-09-28 13:12:06,147 [WARN] PackLoader:240 - Cannot read IP mode file for Cesanta.I-CUBE-Mongoose.7.13.0
2024-09-28 13:12:06,317 [WARN] PackLoader:240 - Cannot read IP mode file for STMicroelectronics.X-CUBE-TOF1.3.3.1
2024-09-28 13:12:06,382 [WARN] PackLoader:240 - Cannot read IP mode file for STMicroelectronics.X-CUBE-AZRTOS-G4.2.0.0
2024-09-28 13:12:06,437 [WARN] PackLoader:240 - Cannot read IP mode file for Infineon.AIROC-Wi-Fi-Bluetooth-STM32.1.5.1
2024-09-28 13:12:06,460 [WARN] PackLoader:240 - Cannot read IP mode file for STMicroelectronics.FP-SNS-MOTENVWB1.1.3.0
2024-09-28 13:12:06,473 [WARN] PackLoader:240 - Cannot read IP mode file for STMicroelectronics.FP-SNS-MOTENVWB1.1.3.1
2024-09-28 13:12:06,487 [WARN] PackLoader:240 - Cannot read IP mode file for STMicroelectronics.X-CUBE-ISPU.2.0.0
2024-09-28 13:12:06,505 [WARN] PackLoader:240 - Cannot read IP mode file for STMicroelectronics.X-CUBE-ALS.1.0.2
2024-09-28 13:12:06,649 [WARN] PackLoader:240 - Cannot read IP mode file for STMicroelectronics.X-CUBE-MEMS1.10.0.0
2024-09-28 13:12:06,920 [WARN] PackLoader:240 - Cannot read IP mode file for STMicroelectronics.X-CUBE-FREERTOS.1.1.0
2024-09-28 13:12:06,934 [WARN] PackLoader:240 - Cannot read IP mode file for STMicroelectronics.X-CUBE-TOUCHGFX.4.24.0
2024-09-28 13:12:06,946 [WARN] PackLoader:240 - Cannot read IP mode file for STMicroelectronics.X-CUBE-TOUCHGFX.4.24.1
2024-09-28 13:12:06,956 [WARN] PackLoader:240 - Cannot read IP mode file for wolfSSL.I-CUBE-wolfTPM.3.4.0
2024-09-28 13:12:06,977 [WARN] PackLoader:240 - Cannot read IP mode file for portGmbH.I-Cube-SoM-uGOAL.1.1.0
2024-09-28 13:12:06,991 [WARN] PackLoader:240 - Cannot read IP mode file for STMicroelectronics.X-CUBE-ALS.1.0.1
2024-09-28 13:12:07,110 [WARN] PackLoader:240 - Cannot read IP mode file for STMicroelectronics.X-CUBE-AZRTOS-H7RS.1.0.0
2024-09-28 13:12:07,137 [WARN] PackLoader:240 - Cannot read IP mode file for STMicroelectronics.FP-ATR-ASTRA1.2.0.0
2024-09-28 13:12:07,192 [WARN] PackLoader:240 - Cannot read IP mode file for STMicroelectronics.X-CUBE-TOF1.3.4.2
2024-09-28 13:12:07,247 [WARN] PackLoader:240 - Cannot read IP mode file for STMicroelectronics.X-CUBE-TOF1.3.4.0
2024-09-28 13:12:07,331 [WARN] PackLoader:240 - Cannot read IP mode file for Infineon.AIROC-Wi-Fi-Bluetooth-STM32.1.6.1
2024-09-28 13:12:07,368 [WARN] PackLoader:240 - Cannot read IP mode file for STMicroelectronics.X-CUBE-TOF1.3.4.1
2024-09-28 13:12:07,449 [WARN] PackLoader:240 - Cannot read IP mode file for STMicroelectronics.X-CUBE-AZRTOS-H7.3.2.0
2024-09-28 13:12:07,470 [WARN] PackLoader:240 - Cannot read IP mode file for wolfSSL.I-CUBE-wolfSSH.1.4.17
2024-09-28 13:12:07,472 [INFO] ThirdParty:978 - Integrity check success = true
2024-09-28 13:12:07,472 [INFO] IntegrityCheckThread:100 - exiting critical section [integrity check]
2024-09-28 13:12:07,473 [INFO] IntegrityCheckThread:103 - End integrity checks thread
2024-09-28 13:12:09,041 [INFO] WebApp:448 - Apply proxy settings
2024-09-28 13:12:09,044 [INFO] WebApp:533 - Chromium requires no authentication
2024-09-28 13:12:09,961 [INFO] WebApp:476 - Direct internet connection detected
2024-09-28 13:12:10,247 [INFO] WebApp:869 - Register for checkConnection events
2024-09-28 13:12:10,247 [INFO] WebApp:448 - Apply proxy settings
2024-09-28 13:12:10,248 [INFO] WebApp:533 - Chromium requires no authentication
2024-09-28 13:12:10,249 [INFO] WebApp:476 - Direct internet connection detected
2024-09-28 13:12:10,805 [INFO] WebApp:186 - Connection restablished
2024-09-28 13:12:11,381 [INFO] WebApp:220 - Starting web application
2024-09-28 13:12:11,383 [INFO] WebApp:578 - Web application path used C:\ST\STM32CubeIDE_1.13.2\STM32CubeIDE\plugins\com.st.stm32cube.common.mx_6.12.1.202409122256\db\plugins\mcufinder\reactClient1\index.html
2024-09-28 13:12:11,844 [INFO] UserAuth:417 - Internet connection configuration mode: 1
2024-09-28 13:24:52,420 [ERROR] LogOutputStream:75 - [STDERR_REDIRECT] 
